{"C:\\Projetos\\Calendario\\.eslintrc.js": {"path":"C:\\Projetos\\Calendario\\.eslintrc.js","statementMap":{"0":{"start":{"line":1,"column":0},"end":{"line":27,"column":2}}},"fnMap":{},"branchMap":{},"s":{"0":0},"f":{},"b":{}}
,"C:\\Projetos\\Calendario\\App.js": {"path":"C:\\Projetos\\Calendario\\App.js","statementMap":{"0":{"start":{"line":8,"column":21},"end":{"line":18,"column":1}},"1":{"start":{"line":20,"column":20},"end":{"line":30,"column":1}},"2":{"start":{"line":32,"column":21},"end":{"line":478,"column":1}},"3":{"start":{"line":480,"column":25},"end":{"line":501,"column":1}},"4":{"start":{"line":503,"column":19},"end":{"line":516,"column":1}},"5":{"start":{"line":504,"column":2},"end":{"line":515,"column":9}},"6":{"start":{"line":518,"column":21},"end":{"line":522,"column":1}},"7":{"start":{"line":519,"column":2},"end":{"line":521,"column":9}},"8":{"start":{"line":524,"column":22},"end":{"line":554,"column":1}},"9":{"start":{"line":525,"column":16},"end":{"line":525,"column":18}},"10":{"start":{"line":527,"column":2},"end":{"line":534,"column":3}},"11":{"start":{"line":528,"column":4},"end":{"line":528,"column":50}},"12":{"start":{"line":530,"column":16},"end":{"line":530,"column":37}},"13":{"start":{"line":531,"column":4},"end":{"line":533,"column":5}},"14":{"start":{"line":532,"column":6},"end":{"line":532,"column":61}},"15":{"start":{"line":536,"column":2},"end":{"line":543,"column":3}},"16":{"start":{"line":537,"column":4},"end":{"line":537,"column":59}},"17":{"start":{"line":539,"column":16},"end":{"line":539,"column":36}},"18":{"start":{"line":540,"column":4},"end":{"line":542,"column":5}},"19":{"start":{"line":541,"column":6},"end":{"line":541,"column":61}},"20":{"start":{"line":545,"column":2},"end":{"line":547,"column":3}},"21":{"start":{"line":546,"column":4},"end":{"line":546,"column":66}},"22":{"start":{"line":549,"column":2},"end":{"line":551,"column":3}},"23":{"start":{"line":550,"column":4},"end":{"line":550,"column":62}},"24":{"start":{"line":553,"column":2},"end":{"line":553,"column":15}},"25":{"start":{"line":556,"column":23},"end":{"line":561,"column":1}},"26":{"start":{"line":557,"column":2},"end":{"line":560,"column":12}},"27":{"start":{"line":563,"column":18},"end":{"line":615,"column":1}},"28":{"start":{"line":564,"column":40},"end":{"line":564,"column":51}},"29":{"start":{"line":566,"column":23},"end":{"line":570,"column":3}},"30":{"start":{"line":567,"column":26},"end":{"line":567,"column":59}},"31":{"start":{"line":568,"column":18},"end":{"line":568,"column":49}},"32":{"start":{"line":569,"column":4},"end":{"line":569,"column":26}},"33":{"start":{"line":572,"column":2},"end":{"line":614,"column":4}},"34":{"start":{"line":584,"column":10},"end":{"line":596,"column":17}},"35":{"start":{"line":589,"column":34},"end":{"line":589,"column":80}},"36":{"start":{"line":601,"column":10},"end":{"line":610,"column":12}},"37":{"start":{"line":618,"column":38},"end":{"line":618,"column":52}},"38":{"start":{"line":619,"column":34},"end":{"line":619,"column":49}},"39":{"start":{"line":620,"column":42},"end":{"line":620,"column":57}},"40":{"start":{"line":621,"column":34},"end":{"line":626,"column":4}},"41":{"start":{"line":627,"column":17},"end":{"line":627,"column":56}},"42":{"start":{"line":628,"column":19},"end":{"line":628,"column":48}},"43":{"start":{"line":630,"column":2},"end":{"line":664,"column":9}},"44":{"start":{"line":631,"column":31},"end":{"line":661,"column":5}},"45":{"start":{"line":632,"column":6},"end":{"line":660,"column":7}},"46":{"start":{"line":633,"column":8},"end":{"line":639,"column":11}},"47":{"start":{"line":634,"column":43},"end":{"line":638,"column":11}},"48":{"start":{"line":641,"column":8},"end":{"line":641,"column":50}},"49":{"start":{"line":643,"column":8},"end":{"line":643,"column":39}},"50":{"start":{"line":645,"column":29},"end":{"line":653,"column":10}},"51":{"start":{"line":646,"column":10},"end":{"line":651,"column":11}},"52":{"start":{"line":650,"column":12},"end":{"line":650,"column":37}},"53":{"start":{"line":652,"column":10},"end":{"line":652,"column":42}},"54":{"start":{"line":655,"column":8},"end":{"line":657,"column":10}},"55":{"start":{"line":656,"column":10},"end":{"line":656,"column":32}},"56":{"start":{"line":659,"column":8},"end":{"line":659,"column":63}},"57":{"start":{"line":663,"column":4},"end":{"line":663,"column":25}},"58":{"start":{"line":667,"column":4},"end":{"line":669,"column":5}},"59":{"start":{"line":668,"column":6},"end":{"line":668,"column":13}},"60":{"start":{"line":671,"column":4},"end":{"line":686,"column":5}},"61":{"start":{"line":672,"column":41},"end":{"line":672,"column":82}},"62":{"start":{"line":673,"column":24},"end":{"line":673,"column":38}},"63":{"start":{"line":675,"column":6},"end":{"line":678,"column":7}},"64":{"start":{"line":676,"column":27},"end":{"line":676,"column":72}},"65":{"start":{"line":677,"column":8},"end":{"line":677,"column":29}},"66":{"start":{"line":680,"column":6},"end":{"line":683,"column":7}},"67":{"start":{"line":681,"column":8},"end":{"line":681,"column":65}},"68":{"start":{"line":682,"column":8},"end":{"line":682,"column":15}},"69":{"start":{"line":685,"column":6},"end":{"line":685,"column":60}},"70":{"start":{"line":690,"column":4},"end":{"line":713,"column":5}},"71":{"start":{"line":691,"column":19},"end":{"line":691,"column":29}},"72":{"start":{"line":692,"column":23},"end":{"line":692,"column":41}},"73":{"start":{"line":694,"column":6},"end":{"line":694,"column":65}},"74":{"start":{"line":696,"column":6},"end":{"line":710,"column":7}},"75":{"start":{"line":697,"column":8},"end":{"line":709,"column":9}},"76":{"start":{"line":698,"column":29},"end":{"line":698,"column":93}},"77":{"start":{"line":699,"column":32},"end":{"line":699,"column":87}},"78":{"start":{"line":701,"column":10},"end":{"line":708,"column":11}},"79":{"start":{"line":702,"column":12},"end":{"line":707,"column":13}},"80":{"start":{"line":703,"column":14},"end":{"line":703,"column":52}},"81":{"start":{"line":705,"column":17},"end":{"line":707,"column":13}},"82":{"start":{"line":706,"column":14},"end":{"line":706,"column":52}},"83":{"start":{"line":712,"column":6},"end":{"line":712,"column":64}},"84":{"start":{"line":717,"column":4},"end":{"line":757,"column":5}},"85":{"start":{"line":718,"column":6},"end":{"line":721,"column":7}},"86":{"start":{"line":719,"column":8},"end":{"line":719,"column":68}},"87":{"start":{"line":720,"column":8},"end":{"line":720,"column":15}},"88":{"start":{"line":723,"column":21},"end":{"line":723,"column":23}},"89":{"start":{"line":724,"column":28},"end":{"line":724,"column":38}},"90":{"start":{"line":726,"column":6},"end":{"line":733,"column":7}},"91":{"start":{"line":727,"column":8},"end":{"line":727,"column":81}},"92":{"start":{"line":728,"column":8},"end":{"line":728,"column":42}},"93":{"start":{"line":730,"column":8},"end":{"line":730,"column":101}},"94":{"start":{"line":731,"column":8},"end":{"line":731,"column":75}},"95":{"start":{"line":732,"column":8},"end":{"line":732,"column":43}},"96":{"start":{"line":735,"column":6},"end":{"line":738,"column":7}},"97":{"start":{"line":736,"column":8},"end":{"line":736,"column":54}},"98":{"start":{"line":737,"column":8},"end":{"line":737,"column":15}},"99":{"start":{"line":740,"column":6},"end":{"line":754,"column":9}},"100":{"start":{"line":756,"column":6},"end":{"line":756,"column":59}},"101":{"start":{"line":760,"column":22},"end":{"line":762,"column":3}},"102":{"start":{"line":761,"column":4},"end":{"line":761,"column":31}},"103":{"start":{"line":764,"column":21},"end":{"line":766,"column":3}},"104":{"start":{"line":765,"column":4},"end":{"line":765,"column":27}},"105":{"start":{"line":768,"column":25},"end":{"line":801,"column":3}},"106":{"start":{"line":769,"column":29},"end":{"line":774,"column":5}},"107":{"start":{"line":776,"column":18},"end":{"line":776,"column":49}},"108":{"start":{"line":777,"column":4},"end":{"line":784,"column":5}},"109":{"start":{"line":778,"column":6},"end":{"line":782,"column":8}},"110":{"start":{"line":783,"column":6},"end":{"line":783,"column":13}},"111":{"start":{"line":786,"column":22},"end":{"line":786,"column":52}},"112":{"start":{"line":787,"column":21},"end":{"line":787,"column":34}},"113":{"start":{"line":788,"column":22},"end":{"line":788,"column":139}},"114":{"start":{"line":790,"column":19},"end":{"line":796,"column":5}},"115":{"start":{"line":798,"column":4},"end":{"line":798,"column":45}},"116":{"start":{"line":799,"column":4},"end":{"line":799,"column":27}},"117":{"start":{"line":800,"column":4},"end":{"line":800,"column":64}},"118":{"start":{"line":803,"column":20},"end":{"line":831,"column":3}},"119":{"start":{"line":804,"column":4},"end":{"line":830,"column":11}},"120":{"start":{"line":825,"column":10},"end":{"line":825,"column":112}},"121":{"start":{"line":833,"column":2},"end":{"line":1020,"column":4}},"122":{"start":{"line":852,"column":31},"end":{"line":852,"column":52}},"123":{"start":{"line":874,"column":39},"end":{"line":874,"column":75}},"124":{"start":{"line":901,"column":30},"end":{"line":901,"column":52}},"125":{"start":{"line":915,"column":38},"end":{"line":915,"column":76}},"126":{"start":{"line":928,"column":38},"end":{"line":928,"column":75}},"127":{"start":{"line":941,"column":38},"end":{"line":941,"column":76}},"128":{"start":{"line":954,"column":38},"end":{"line":954,"column":81}},"129":{"start":{"line":967,"column":31},"end":{"line":967,"column":53}},"130":{"start":{"line":991,"column":16},"end":{"line":991,"column":29}},"131":{"start":{"line":992,"column":16},"end":{"line":992,"column":38}},"132":{"start":{"line":1002,"column":16},"end":{"line":1002,"column":30}},"133":{"start":{"line":1003,"column":16},"end":{"line":1003,"column":29}},"134":{"start":{"line":1023,"column":15},"end":{"line":1336,"column":2}}},"fnMap":{"0":{"name":"(anonymous_0)","decl":{"start":{"line":503,"column":19},"end":{"line":503,"column":20}},"loc":{"start":{"line":504,"column":2},"end":{"line":515,"column":9}},"line":504},"1":{"name":"(anonymous_1)","decl":{"start":{"line":518,"column":21},"end":{"line":518,"column":22}},"loc":{"start":{"line":519,"column":2},"end":{"line":521,"column":9}},"line":519},"2":{"name":"(anonymous_2)","decl":{"start":{"line":524,"column":22},"end":{"line":524,"column":23}},"loc":{"start":{"line":524,"column":34},"end":{"line":554,"column":1}},"line":524},"3":{"name":"(anonymous_3)","decl":{"start":{"line":556,"column":23},"end":{"line":556,"column":24}},"loc":{"start":{"line":556,"column":34},"end":{"line":561,"column":1}},"line":556},"4":{"name":"(anonymous_4)","decl":{"start":{"line":563,"column":18},"end":{"line":563,"column":19}},"loc":{"start":{"line":563,"column":46},"end":{"line":615,"column":1}},"line":563},"5":{"name":"(anonymous_5)","decl":{"start":{"line":566,"column":23},"end":{"line":566,"column":24}},"loc":{"start":{"line":566,"column":34},"end":{"line":570,"column":3}},"line":566},"6":{"name":"(anonymous_6)","decl":{"start":{"line":583,"column":30},"end":{"line":583,"column":31}},"loc":{"start":{"line":584,"column":10},"end":{"line":596,"column":17}},"line":584},"7":{"name":"(anonymous_7)","decl":{"start":{"line":589,"column":23},"end":{"line":589,"column":24}},"loc":{"start":{"line":589,"column":34},"end":{"line":589,"column":80}},"line":589},"8":{"name":"(anonymous_8)","decl":{"start":{"line":600,"column":30},"end":{"line":600,"column":31}},"loc":{"start":{"line":601,"column":10},"end":{"line":610,"column":12}},"line":601},"9":{"name":"App","decl":{"start":{"line":617,"column":24},"end":{"line":617,"column":27}},"loc":{"start":{"line":617,"column":30},"end":{"line":1021,"column":1}},"line":617},"10":{"name":"(anonymous_10)","decl":{"start":{"line":630,"column":12},"end":{"line":630,"column":13}},"loc":{"start":{"line":630,"column":18},"end":{"line":664,"column":3}},"line":630},"11":{"name":"(anonymous_11)","decl":{"start":{"line":631,"column":31},"end":{"line":631,"column":32}},"loc":{"start":{"line":631,"column":43},"end":{"line":661,"column":5}},"line":631},"12":{"name":"(anonymous_12)","decl":{"start":{"line":634,"column":30},"end":{"line":634,"column":31}},"loc":{"start":{"line":634,"column":43},"end":{"line":638,"column":11}},"line":634},"13":{"name":"(anonymous_13)","decl":{"start":{"line":645,"column":65},"end":{"line":645,"column":66}},"loc":{"start":{"line":645,"column":81},"end":{"line":653,"column":9}},"line":645},"14":{"name":"(anonymous_14)","decl":{"start":{"line":655,"column":15},"end":{"line":655,"column":16}},"loc":{"start":{"line":655,"column":21},"end":{"line":657,"column":9}},"line":655},"15":{"name":"registerForPushNotificationsAsync","decl":{"start":{"line":666,"column":17},"end":{"line":666,"column":50}},"loc":{"start":{"line":666,"column":53},"end":{"line":687,"column":3}},"line":666},"16":{"name":"checkForUpcomingEvents","decl":{"start":{"line":689,"column":17},"end":{"line":689,"column":39}},"loc":{"start":{"line":689,"column":42},"end":{"line":714,"column":3}},"line":689},"17":{"name":"scheduleNotification","decl":{"start":{"line":716,"column":17},"end":{"line":716,"column":37}},"loc":{"start":{"line":716,"column":61},"end":{"line":758,"column":3}},"line":716},"18":{"name":"(anonymous_18)","decl":{"start":{"line":760,"column":22},"end":{"line":760,"column":23}},"loc":{"start":{"line":760,"column":28},"end":{"line":762,"column":3}},"line":760},"19":{"name":"(anonymous_19)","decl":{"start":{"line":764,"column":21},"end":{"line":764,"column":22}},"loc":{"start":{"line":764,"column":27},"end":{"line":766,"column":3}},"line":764},"20":{"name":"(anonymous_20)","decl":{"start":{"line":768,"column":25},"end":{"line":768,"column":26}},"loc":{"start":{"line":768,"column":31},"end":{"line":801,"column":3}},"line":768},"21":{"name":"(anonymous_21)","decl":{"start":{"line":803,"column":20},"end":{"line":803,"column":21}},"loc":{"start":{"line":804,"column":4},"end":{"line":830,"column":11}},"line":804},"22":{"name":"(anonymous_22)","decl":{"start":{"line":824,"column":20},"end":{"line":824,"column":21}},"loc":{"start":{"line":825,"column":10},"end":{"line":825,"column":112}},"line":825},"23":{"name":"(anonymous_23)","decl":{"start":{"line":852,"column":25},"end":{"line":852,"column":26}},"loc":{"start":{"line":852,"column":31},"end":{"line":852,"column":52}},"line":852},"24":{"name":"(anonymous_24)","decl":{"start":{"line":874,"column":28},"end":{"line":874,"column":29}},"loc":{"start":{"line":874,"column":39},"end":{"line":874,"column":75}},"line":874},"25":{"name":"(anonymous_25)","decl":{"start":{"line":901,"column":24},"end":{"line":901,"column":25}},"loc":{"start":{"line":901,"column":30},"end":{"line":901,"column":52}},"line":901},"26":{"name":"(anonymous_26)","decl":{"start":{"line":915,"column":28},"end":{"line":915,"column":29}},"loc":{"start":{"line":915,"column":38},"end":{"line":915,"column":76}},"line":915},"27":{"name":"(anonymous_27)","decl":{"start":{"line":928,"column":28},"end":{"line":928,"column":29}},"loc":{"start":{"line":928,"column":38},"end":{"line":928,"column":75}},"line":928},"28":{"name":"(anonymous_28)","decl":{"start":{"line":941,"column":28},"end":{"line":941,"column":29}},"loc":{"start":{"line":941,"column":38},"end":{"line":941,"column":76}},"line":941},"29":{"name":"(anonymous_29)","decl":{"start":{"line":954,"column":28},"end":{"line":954,"column":29}},"loc":{"start":{"line":954,"column":38},"end":{"line":954,"column":81}},"line":954},"30":{"name":"(anonymous_30)","decl":{"start":{"line":967,"column":25},"end":{"line":967,"column":26}},"loc":{"start":{"line":967,"column":31},"end":{"line":967,"column":53}},"line":967},"31":{"name":"(anonymous_31)","decl":{"start":{"line":990,"column":23},"end":{"line":990,"column":24}},"loc":{"start":{"line":990,"column":29},"end":{"line":993,"column":15}},"line":990},"32":{"name":"(anonymous_32)","decl":{"start":{"line":1001,"column":23},"end":{"line":1001,"column":24}},"loc":{"start":{"line":1001,"column":29},"end":{"line":1004,"column":15}},"line":1001}},"branchMap":{"0":{"loc":{"start":{"line":527,"column":2},"end":{"line":534,"column":3}},"type":"if","locations":[{"start":{"line":527,"column":2},"end":{"line":534,"column":3}},{"start":{"line":529,"column":9},"end":{"line":534,"column":3}}],"line":527},"1":{"loc":{"start":{"line":527,"column":6},"end":{"line":527,"column":50}},"type":"binary-expr","locations":[{"start":{"line":527,"column":6},"end":{"line":527,"column":18}},{"start":{"line":527,"column":22},"end":{"line":527,"column":50}}],"line":527},"2":{"loc":{"start":{"line":531,"column":4},"end":{"line":533,"column":5}},"type":"if","locations":[{"start":{"line":531,"column":4},"end":{"line":533,"column":5}},{"start":{},"end":{}}],"line":531},"3":{"loc":{"start":{"line":531,"column":8},"end":{"line":531,"column":27}},"type":"binary-expr","locations":[{"start":{"line":531,"column":8},"end":{"line":531,"column":15}},{"start":{"line":531,"column":19},"end":{"line":531,"column":27}}],"line":531},"4":{"loc":{"start":{"line":536,"column":2},"end":{"line":543,"column":3}},"type":"if","locations":[{"start":{"line":536,"column":2},"end":{"line":543,"column":3}},{"start":{"line":538,"column":9},"end":{"line":543,"column":3}}],"line":536},"5":{"loc":{"start":{"line":536,"column":6},"end":{"line":536,"column":50}},"type":"binary-expr","locations":[{"start":{"line":536,"column":6},"end":{"line":536,"column":17}},{"start":{"line":536,"column":21},"end":{"line":536,"column":50}}],"line":536},"6":{"loc":{"start":{"line":540,"column":4},"end":{"line":542,"column":5}},"type":"if","locations":[{"start":{"line":540,"column":4},"end":{"line":542,"column":5}},{"start":{},"end":{}}],"line":540},"7":{"loc":{"start":{"line":540,"column":8},"end":{"line":540,"column":27}},"type":"binary-expr","locations":[{"start":{"line":540,"column":8},"end":{"line":540,"column":15}},{"start":{"line":540,"column":19},"end":{"line":540,"column":27}}],"line":540},"8":{"loc":{"start":{"line":545,"column":2},"end":{"line":547,"column":3}},"type":"if","locations":[{"start":{"line":545,"column":2},"end":{"line":547,"column":3}},{"start":{},"end":{}}],"line":545},"9":{"loc":{"start":{"line":545,"column":6},"end":{"line":545,"column":51}},"type":"binary-expr","locations":[{"start":{"line":545,"column":6},"end":{"line":545,"column":18}},{"start":{"line":545,"column":22},"end":{"line":545,"column":51}}],"line":545},"10":{"loc":{"start":{"line":549,"column":2},"end":{"line":551,"column":3}},"type":"if","locations":[{"start":{"line":549,"column":2},"end":{"line":551,"column":3}},{"start":{},"end":{}}],"line":549},"11":{"loc":{"start":{"line":549,"column":6},"end":{"line":549,"column":62}},"type":"binary-expr","locations":[{"start":{"line":549,"column":6},"end":{"line":549,"column":23}},{"start":{"line":549,"column":27},"end":{"line":549,"column":62}}],"line":549},"12":{"loc":{"start":{"line":606,"column":33},"end":{"line":606,"column":89}},"type":"cond-expr","locations":[{"start":{"line":606,"column":57},"end":{"line":606,"column":71}},{"start":{"line":606,"column":74},"end":{"line":606,"column":89}}],"line":606},"13":{"loc":{"start":{"line":607,"column":25},"end":{"line":607,"column":56}},"type":"cond-expr","locations":[{"start":{"line":607,"column":49},"end":{"line":607,"column":50}},{"start":{"line":607,"column":53},"end":{"line":607,"column":56}}],"line":607},"14":{"loc":{"start":{"line":627,"column":17},"end":{"line":627,"column":56}},"type":"cond-expr","locations":[{"start":{"line":627,"column":30},"end":{"line":627,"column":41}},{"start":{"line":627,"column":44},"end":{"line":627,"column":56}}],"line":627},"15":{"loc":{"start":{"line":646,"column":10},"end":{"line":651,"column":11}},"type":"if","locations":[{"start":{"line":646,"column":10},"end":{"line":651,"column":11}},{"start":{},"end":{}}],"line":646},"16":{"loc":{"start":{"line":647,"column":12},"end":{"line":648,"column":37}},"type":"binary-expr","locations":[{"start":{"line":647,"column":12},"end":{"line":647,"column":57}},{"start":{"line":648,"column":12},"end":{"line":648,"column":37}}],"line":647},"17":{"loc":{"start":{"line":667,"column":4},"end":{"line":669,"column":5}},"type":"if","locations":[{"start":{"line":667,"column":4},"end":{"line":669,"column":5}},{"start":{},"end":{}}],"line":667},"18":{"loc":{"start":{"line":675,"column":6},"end":{"line":678,"column":7}},"type":"if","locations":[{"start":{"line":675,"column":6},"end":{"line":678,"column":7}},{"start":{},"end":{}}],"line":675},"19":{"loc":{"start":{"line":680,"column":6},"end":{"line":683,"column":7}},"type":"if","locations":[{"start":{"line":680,"column":6},"end":{"line":683,"column":7}},{"start":{},"end":{}}],"line":680},"20":{"loc":{"start":{"line":701,"column":10},"end":{"line":708,"column":11}},"type":"if","locations":[{"start":{"line":701,"column":10},"end":{"line":708,"column":11}},{"start":{},"end":{}}],"line":701},"21":{"loc":{"start":{"line":701,"column":14},"end":{"line":701,"column":54}},"type":"binary-expr","locations":[{"start":{"line":701,"column":14},"end":{"line":701,"column":32}},{"start":{"line":701,"column":36},"end":{"line":701,"column":54}}],"line":701},"22":{"loc":{"start":{"line":702,"column":12},"end":{"line":707,"column":13}},"type":"if","locations":[{"start":{"line":702,"column":12},"end":{"line":707,"column":13}},{"start":{"line":705,"column":17},"end":{"line":707,"column":13}}],"line":702},"23":{"loc":{"start":{"line":705,"column":17},"end":{"line":707,"column":13}},"type":"if","locations":[{"start":{"line":705,"column":17},"end":{"line":707,"column":13}},{"start":{},"end":{}}],"line":705},"24":{"loc":{"start":{"line":718,"column":6},"end":{"line":721,"column":7}},"type":"if","locations":[{"start":{"line":718,"column":6},"end":{"line":721,"column":7}},{"start":{},"end":{}}],"line":718},"25":{"loc":{"start":{"line":718,"column":10},"end":{"line":718,"column":54}},"type":"binary-expr","locations":[{"start":{"line":718,"column":10},"end":{"line":718,"column":17}},{"start":{"line":718,"column":21},"end":{"line":718,"column":33}},{"start":{"line":718,"column":37},"end":{"line":718,"column":54}}],"line":718},"26":{"loc":{"start":{"line":726,"column":6},"end":{"line":733,"column":7}},"type":"if","locations":[{"start":{"line":726,"column":6},"end":{"line":733,"column":7}},{"start":{"line":729,"column":13},"end":{"line":733,"column":7}}],"line":726},"27":{"loc":{"start":{"line":735,"column":6},"end":{"line":738,"column":7}},"type":"if","locations":[{"start":{"line":735,"column":6},"end":{"line":738,"column":7}},{"start":{},"end":{}}],"line":735},"28":{"loc":{"start":{"line":777,"column":4},"end":{"line":784,"column":5}},"type":"if","locations":[{"start":{"line":777,"column":4},"end":{"line":784,"column":5}},{"start":{},"end":{}}],"line":777},"29":{"loc":{"start":{"line":807,"column":50},"end":{"line":807,"column":93}},"type":"cond-expr","locations":[{"start":{"line":807,"column":63},"end":{"line":807,"column":75}},{"start":{"line":807,"column":78},"end":{"line":807,"column":93}}],"line":807},"30":{"loc":{"start":{"line":810,"column":31},"end":{"line":810,"column":91}},"type":"cond-expr","locations":[{"start":{"line":810,"column":44},"end":{"line":810,"column":69}},{"start":{"line":810,"column":72},"end":{"line":810,"column":91}}],"line":810},"31":{"loc":{"start":{"line":813,"column":59},"end":{"line":813,"column":101}},"type":"cond-expr","locations":[{"start":{"line":813,"column":72},"end":{"line":813,"column":84}},{"start":{"line":813,"column":87},"end":{"line":813,"column":101}}],"line":813},"32":{"loc":{"start":{"line":815,"column":58},"end":{"line":815,"column":107}},"type":"cond-expr","locations":[{"start":{"line":815,"column":71},"end":{"line":815,"column":90}},{"start":{"line":815,"column":93},"end":{"line":815,"column":107}}],"line":815},"33":{"loc":{"start":{"line":816,"column":17},"end":{"line":816,"column":60}},"type":"cond-expr","locations":[{"start":{"line":816,"column":40},"end":{"line":816,"column":48}},{"start":{"line":816,"column":51},"end":{"line":816,"column":60}}],"line":816},"34":{"loc":{"start":{"line":823,"column":7},"end":{"line":829,"column":7}},"type":"cond-expr","locations":[{"start":{"line":824,"column":8},"end":{"line":826,"column":10}},{"start":{"line":828,"column":8},"end":{"line":828,"column":64}}],"line":823},"35":{"loc":{"start":{"line":835,"column":24},"end":{"line":835,"column":53}},"type":"cond-expr","locations":[{"start":{"line":835,"column":37},"end":{"line":835,"column":44}},{"start":{"line":835,"column":47},"end":{"line":835,"column":53}}],"line":835},"36":{"loc":{"start":{"line":848,"column":59},"end":{"line":848,"column":101}},"type":"cond-expr","locations":[{"start":{"line":848,"column":72},"end":{"line":848,"column":84}},{"start":{"line":848,"column":87},"end":{"line":848,"column":101}}],"line":848},"37":{"loc":{"start":{"line":855,"column":61},"end":{"line":855,"column":103}},"type":"cond-expr","locations":[{"start":{"line":855,"column":74},"end":{"line":855,"column":86}},{"start":{"line":855,"column":89},"end":{"line":855,"column":103}}],"line":855},"38":{"loc":{"start":{"line":865,"column":50},"end":{"line":865,"column":93}},"type":"cond-expr","locations":[{"start":{"line":865,"column":63},"end":{"line":865,"column":75}},{"start":{"line":865,"column":78},"end":{"line":865,"column":93}}],"line":865},"39":{"loc":{"start":{"line":866,"column":53},"end":{"line":866,"column":102}},"type":"cond-expr","locations":[{"start":{"line":866,"column":66},"end":{"line":866,"column":85}},{"start":{"line":866,"column":88},"end":{"line":866,"column":102}}],"line":866},"40":{"loc":{"start":{"line":879,"column":54},"end":{"line":879,"column":97}},"type":"cond-expr","locations":[{"start":{"line":879,"column":67},"end":{"line":879,"column":79}},{"start":{"line":879,"column":82},"end":{"line":879,"column":97}}],"line":879},"41":{"loc":{"start":{"line":884,"column":64},"end":{"line":884,"column":106}},"type":"cond-expr","locations":[{"start":{"line":884,"column":77},"end":{"line":884,"column":89}},{"start":{"line":884,"column":92},"end":{"line":884,"column":106}}],"line":884},"42":{"loc":{"start":{"line":887,"column":65},"end":{"line":887,"column":107}},"type":"cond-expr","locations":[{"start":{"line":887,"column":78},"end":{"line":887,"column":90}},{"start":{"line":887,"column":93},"end":{"line":887,"column":107}}],"line":887},"43":{"loc":{"start":{"line":890,"column":63},"end":{"line":890,"column":105}},"type":"cond-expr","locations":[{"start":{"line":890,"column":76},"end":{"line":890,"column":88}},{"start":{"line":890,"column":91},"end":{"line":890,"column":105}}],"line":890},"44":{"loc":{"start":{"line":1008,"column":22},"end":{"line":1008,"column":51}},"type":"cond-expr","locations":[{"start":{"line":1008,"column":35},"end":{"line":1008,"column":42}},{"start":{"line":1008,"column":45},"end":{"line":1008,"column":51}}],"line":1008},"45":{"loc":{"start":{"line":1013,"column":17},"end":{"line":1013,"column":58}},"type":"cond-expr","locations":[{"start":{"line":1013,"column":30},"end":{"line":1013,"column":42}},{"start":{"line":1013,"column":45},"end":{"line":1013,"column":58}}],"line":1013},"46":{"loc":{"start":{"line":1026,"column":16},"end":{"line":1026,"column":70}},"type":"cond-expr","locations":[{"start":{"line":1026,"column":40},"end":{"line":1026,"column":42}},{"start":{"line":1026,"column":45},"end":{"line":1026,"column":70}}],"line":1026},"47":{"loc":{"start":{"line":1270,"column":19},"end":{"line":1270,"column":50}},"type":"cond-expr","locations":[{"start":{"line":1270,"column":43},"end":{"line":1270,"column":45}},{"start":{"line":1270,"column":48},"end":{"line":1270,"column":50}}],"line":1270}},"s":{"0":0,"1":0,"2":0,"3":0,"4":0,"5":0,"6":0,"7":0,"8":0,"9":0,"10":0,"11":0,"12":0,"13":0,"14":0,"15":0,"16":0,"17":0,"18":0,"19":0,"20":0,"21":0,"22":0,"23":0,"24":0,"25":0,"26":0,"27":0,"28":0,"29":0,"30":0,"31":0,"32":0,"33":0,"34":0,"35":0,"36":0,"37":0,"38":0,"39":0,"40":0,"41":0,"42":0,"43":0,"44":0,"45":0,"46":0,"47":0,"48":0,"49":0,"50":0,"51":0,"52":0,"53":0,"54":0,"55":0,"56":0,"57":0,"58":0,"59":0,"60":0,"61":0,"62":0,"63":0,"64":0,"65":0,"66":0,"67":0,"68":0,"69":0,"70":0,"71":0,"72":0,"73":0,"74":0,"75":0,"76":0,"77":0,"78":0,"79":0,"80":0,"81":0,"82":0,"83":0,"84":0,"85":0,"86":0,"87":0,"88":0,"89":0,"90":0,"91":0,"92":0,"93":0,"94":0,"95":0,"96":0,"97":0,"98":0,"99":0,"100":0,"101":0,"102":0,"103":0,"104":0,"105":0,"106":0,"107":0,"108":0,"109":0,"110":0,"111":0,"112":0,"113":0,"114":0,"115":0,"116":0,"117":0,"118":0,"119":0,"120":0,"121":0,"122":0,"123":0,"124":0,"125":0,"126":0,"127":0,"128":0,"129":0,"130":0,"131":0,"132":0,"133":0,"134":0},"f":{"0":0,"1":0,"2":0,"3":0,"4":0,"5":0,"6":0,"7":0,"8":0,"9":0,"10":0,"11":0,"12":0,"13":0,"14":0,"15":0,"16":0,"17":0,"18":0,"19":0,"20":0,"21":0,"22":0,"23":0,"24":0,"25":0,"26":0,"27":0,"28":0,"29":0,"30":0,"31":0,"32":0},"b":{"0":[0,0],"1":[0,0],"2":[0,0],"3":[0,0],"4":[0,0],"5":[0,0],"6":[0,0],"7":[0,0],"8":[0,0],"9":[0,0],"10":[0,0],"11":[0,0],"12":[0,0],"13":[0,0],"14":[0,0],"15":[0,0],"16":[0,0],"17":[0,0],"18":[0,0],"19":[0,0],"20":[0,0],"21":[0,0],"22":[0,0],"23":[0,0],"24":[0,0],"25":[0,0,0],"26":[0,0],"27":[0,0],"28":[0,0],"29":[0,0],"30":[0,0],"31":[0,0],"32":[0,0],"33":[0,0],"34":[0,0],"35":[0,0],"36":[0,0],"37":[0,0],"38":[0,0],"39":[0,0],"40":[0,0],"41":[0,0],"42":[0,0],"43":[0,0],"44":[0,0],"45":[0,0],"46":[0,0],"47":[0,0]}}
,"C:\\Projetos\\Calendario\\index.js": {"path":"C:\\Projetos\\Calendario\\index.js","statementMap":{"0":{"start":{"line":4,"column":0},"end":{"line":4,"column":27}}},"fnMap":{},"branchMap":{},"s":{"0":0},"f":{},"b":{}}
,"C:\\Projetos\\Calendario\\jest.config.js": {"path":"C:\\Projetos\\Calendario\\jest.config.js","statementMap":{"0":{"start":{"line":1,"column":0},"end":{"line":21,"column":2}}},"fnMap":{},"branchMap":{},"s":{"0":0},"f":{},"b":{}}
,"C:\\Projetos\\Calendario\\src\\components\\carousel\\Carousel.js": {"path":"C:\\Projetos\\Calendario\\src\\components\\carousel\\Carousel.js","statementMap":{"0":{"start":{"line":5,"column":18},"end":{"line":5,"column":42}},"1":{"start":{"line":6,"column":19},"end":{"line":6,"column":30}},"2":{"start":{"line":8,"column":17},"end":{"line":59,"column":1}},"3":{"start":{"line":9,"column":21},"end":{"line":9,"column":31}},"4":{"start":{"line":10,"column":40},"end":{"line":10,"column":51}},"5":{"start":{"line":12,"column":23},"end":{"line":16,"column":3}},"6":{"start":{"line":13,"column":26},"end":{"line":13,"column":59}},"7":{"start":{"line":14,"column":18},"end":{"line":14,"column":56}},"8":{"start":{"line":15,"column":4},"end":{"line":15,"column":26}},"9":{"start":{"line":18,"column":2},"end":{"line":58,"column":4}},"10":{"start":{"line":29,"column":10},"end":{"line":40,"column":17}},"11":{"start":{"line":45,"column":10},"end":{"line":54,"column":12}},"12":{"start":{"line":61,"column":15},"end":{"line":104,"column":2}}},"fnMap":{"0":{"name":"(anonymous_0)","decl":{"start":{"line":8,"column":17},"end":{"line":8,"column":18}},"loc":{"start":{"line":8,"column":32},"end":{"line":59,"column":1}},"line":8},"1":{"name":"(anonymous_1)","decl":{"start":{"line":12,"column":23},"end":{"line":12,"column":24}},"loc":{"start":{"line":12,"column":34},"end":{"line":16,"column":3}},"line":12},"2":{"name":"(anonymous_2)","decl":{"start":{"line":28,"column":19},"end":{"line":28,"column":20}},"loc":{"start":{"line":29,"column":10},"end":{"line":40,"column":17}},"line":29},"3":{"name":"(anonymous_3)","decl":{"start":{"line":44,"column":19},"end":{"line":44,"column":20}},"loc":{"start":{"line":45,"column":10},"end":{"line":54,"column":12}},"line":45}},"branchMap":{"0":{"loc":{"start":{"line":50,"column":33},"end":{"line":50,"column":89}},"type":"cond-expr","locations":[{"start":{"line":50,"column":57},"end":{"line":50,"column":71}},{"start":{"line":50,"column":74},"end":{"line":50,"column":89}}],"line":50},"1":{"loc":{"start":{"line":51,"column":25},"end":{"line":51,"column":56}},"type":"cond-expr","locations":[{"start":{"line":51,"column":49},"end":{"line":51,"column":50}},{"start":{"line":51,"column":53},"end":{"line":51,"column":56}}],"line":51}},"s":{"0":0,"1":0,"2":0,"3":0,"4":0,"5":0,"6":0,"7":0,"8":0,"9":0,"10":0,"11":0,"12":0},"f":{"0":0,"1":0,"2":0,"3":0},"b":{"0":[0,0],"1":[0,0]}}
,"C:\\Projetos\\Calendario\\src\\components\\common\\Button.js": {"path":"C:\\Projetos\\Calendario\\src\\components\\common\\Button.js","statementMap":{"0":{"start":{"line":5,"column":15},"end":{"line":24,"column":1}},"1":{"start":{"line":6,"column":21},"end":{"line":6,"column":31}},"2":{"start":{"line":8,"column":2},"end":{"line":23,"column":4}},"3":{"start":{"line":26,"column":15},"end":{"line":37,"column":2}}},"fnMap":{"0":{"name":"(anonymous_0)","decl":{"start":{"line":5,"column":15},"end":{"line":5,"column":16}},"loc":{"start":{"line":5,"column":75},"end":{"line":24,"column":1}},"line":5}},"branchMap":{"0":{"loc":{"start":{"line":5,"column":52},"end":{"line":5,"column":68}},"type":"default-arg","locations":[{"start":{"line":5,"column":63},"end":{"line":5,"column":68}}],"line":5},"1":{"loc":{"start":{"line":13,"column":8},"end":{"line":13,"column":36}},"type":"binary-expr","locations":[{"start":{"line":13,"column":8},"end":{"line":13,"column":16}},{"start":{"line":13,"column":20},"end":{"line":13,"column":36}}],"line":13}},"s":{"0":0,"1":0,"2":0,"3":0},"f":{"0":0},"b":{"0":[0],"1":[0,0]}}
,"C:\\Projetos\\Calendario\\src\\components\\common\\Input.js": {"path":"C:\\Projetos\\Calendario\\src\\components\\common\\Input.js","statementMap":{"0":{"start":{"line":5,"column":14},"end":{"line":51,"column":1}},"1":{"start":{"line":17,"column":21},"end":{"line":17,"column":31}},"2":{"start":{"line":19,"column":2},"end":{"line":50,"column":4}},"3":{"start":{"line":53,"column":15},"end":{"line":73,"column":2}}},"fnMap":{"0":{"name":"(anonymous_0)","decl":{"start":{"line":5,"column":14},"end":{"line":5,"column":15}},"loc":{"start":{"line":16,"column":6},"end":{"line":51,"column":1}},"line":16}},"branchMap":{"0":{"loc":{"start":{"line":10,"column":2},"end":{"line":10,"column":26}},"type":"default-arg","locations":[{"start":{"line":10,"column":17},"end":{"line":10,"column":26}}],"line":10},"1":{"loc":{"start":{"line":11,"column":2},"end":{"line":11,"column":19}},"type":"default-arg","locations":[{"start":{"line":11,"column":14},"end":{"line":11,"column":19}}],"line":11},"2":{"loc":{"start":{"line":12,"column":2},"end":{"line":12,"column":19}},"type":"default-arg","locations":[{"start":{"line":12,"column":18},"end":{"line":12,"column":19}}],"line":12},"3":{"loc":{"start":{"line":21,"column":7},"end":{"line":25,"column":7}},"type":"binary-expr","locations":[{"start":{"line":21,"column":7},"end":{"line":21,"column":12}},{"start":{"line":22,"column":8},"end":{"line":24,"column":15}}],"line":21},"4":{"loc":{"start":{"line":32,"column":25},"end":{"line":32,"column":59}},"type":"cond-expr","locations":[{"start":{"line":32,"column":33},"end":{"line":32,"column":42}},{"start":{"line":32,"column":45},"end":{"line":32,"column":59}}],"line":32},"5":{"loc":{"start":{"line":34,"column":10},"end":{"line":34,"column":64}},"type":"binary-expr","locations":[{"start":{"line":34,"column":10},"end":{"line":34,"column":19}},{"start":{"line":34,"column":23},"end":{"line":34,"column":64}}],"line":34},"6":{"loc":{"start":{"line":46,"column":7},"end":{"line":48,"column":7}},"type":"binary-expr","locations":[{"start":{"line":46,"column":7},"end":{"line":46,"column":12}},{"start":{"line":47,"column":8},"end":{"line":47,"column":53}}],"line":46}},"s":{"0":0,"1":0,"2":0,"3":0},"f":{"0":0},"b":{"0":[0],"1":[0],"2":[0],"3":[0,0],"4":[0,0],"5":[0,0],"6":[0,0]}}
,"C:\\Projetos\\Calendario\\src\\components\\events\\EventForm.js": {"path":"C:\\Projetos\\Calendario\\src\\components\\events\\EventForm.js","statementMap":{"0":{"start":{"line":8,"column":18},"end":{"line":90,"column":1}},"1":{"start":{"line":9,"column":21},"end":{"line":9,"column":31}},"2":{"start":{"line":10,"column":34},"end":{"line":15,"column":4}},"3":{"start":{"line":16,"column":30},"end":{"line":16,"column":42}},"4":{"start":{"line":18,"column":23},"end":{"line":30,"column":3}},"5":{"start":{"line":19,"column":4},"end":{"line":22,"column":8}},"6":{"start":{"line":19,"column":25},"end":{"line":22,"column":5}},"7":{"start":{"line":24,"column":4},"end":{"line":29,"column":5}},"8":{"start":{"line":25,"column":6},"end":{"line":28,"column":10}},"9":{"start":{"line":25,"column":25},"end":{"line":28,"column":7}},"10":{"start":{"line":32,"column":23},"end":{"line":40,"column":3}},"11":{"start":{"line":33,"column":29},"end":{"line":33,"column":52}},"12":{"start":{"line":34,"column":4},"end":{"line":37,"column":5}},"13":{"start":{"line":35,"column":6},"end":{"line":35,"column":34}},"14":{"start":{"line":36,"column":6},"end":{"line":36,"column":13}},"15":{"start":{"line":39,"column":4},"end":{"line":39,"column":23}},"16":{"start":{"line":42,"column":2},"end":{"line":89,"column":4}},"17":{"start":{"line":47,"column":32},"end":{"line":47,"column":58}},"18":{"start":{"line":57,"column":32},"end":{"line":57,"column":57}},"19":{"start":{"line":67,"column":32},"end":{"line":67,"column":58}},"20":{"start":{"line":75,"column":32},"end":{"line":75,"column":63}},"21":{"start":{"line":92,"column":15},"end":{"line":101,"column":2}}},"fnMap":{"0":{"name":"(anonymous_0)","decl":{"start":{"line":8,"column":18},"end":{"line":8,"column":19}},"loc":{"start":{"line":8,"column":56},"end":{"line":90,"column":1}},"line":8},"1":{"name":"(anonymous_1)","decl":{"start":{"line":18,"column":23},"end":{"line":18,"column":24}},"loc":{"start":{"line":18,"column":41},"end":{"line":30,"column":3}},"line":18},"2":{"name":"(anonymous_2)","decl":{"start":{"line":19,"column":16},"end":{"line":19,"column":17}},"loc":{"start":{"line":19,"column":25},"end":{"line":22,"column":5}},"line":19},"3":{"name":"(anonymous_3)","decl":{"start":{"line":25,"column":16},"end":{"line":25,"column":17}},"loc":{"start":{"line":25,"column":25},"end":{"line":28,"column":7}},"line":25},"4":{"name":"(anonymous_4)","decl":{"start":{"line":32,"column":23},"end":{"line":32,"column":24}},"loc":{"start":{"line":32,"column":29},"end":{"line":40,"column":3}},"line":32},"5":{"name":"(anonymous_5)","decl":{"start":{"line":47,"column":22},"end":{"line":47,"column":23}},"loc":{"start":{"line":47,"column":32},"end":{"line":47,"column":58}},"line":47},"6":{"name":"(anonymous_6)","decl":{"start":{"line":57,"column":22},"end":{"line":57,"column":23}},"loc":{"start":{"line":57,"column":32},"end":{"line":57,"column":57}},"line":57},"7":{"name":"(anonymous_7)","decl":{"start":{"line":67,"column":22},"end":{"line":67,"column":23}},"loc":{"start":{"line":67,"column":32},"end":{"line":67,"column":58}},"line":67},"8":{"name":"(anonymous_8)","decl":{"start":{"line":75,"column":22},"end":{"line":75,"column":23}},"loc":{"start":{"line":75,"column":32},"end":{"line":75,"column":63}},"line":75}},"branchMap":{"0":{"loc":{"start":{"line":8,"column":31},"end":{"line":8,"column":49}},"type":"default-arg","locations":[{"start":{"line":8,"column":45},"end":{"line":8,"column":49}}],"line":8},"1":{"loc":{"start":{"line":11,"column":10},"end":{"line":11,"column":33}},"type":"binary-expr","locations":[{"start":{"line":11,"column":10},"end":{"line":11,"column":27}},{"start":{"line":11,"column":31},"end":{"line":11,"column":33}}],"line":11},"2":{"loc":{"start":{"line":12,"column":9},"end":{"line":12,"column":31}},"type":"binary-expr","locations":[{"start":{"line":12,"column":9},"end":{"line":12,"column":25}},{"start":{"line":12,"column":29},"end":{"line":12,"column":31}}],"line":12},"3":{"loc":{"start":{"line":13,"column":10},"end":{"line":13,"column":33}},"type":"binary-expr","locations":[{"start":{"line":13,"column":10},"end":{"line":13,"column":27}},{"start":{"line":13,"column":31},"end":{"line":13,"column":33}}],"line":13},"4":{"loc":{"start":{"line":14,"column":15},"end":{"line":14,"column":43}},"type":"binary-expr","locations":[{"start":{"line":14,"column":15},"end":{"line":14,"column":37}},{"start":{"line":14,"column":41},"end":{"line":14,"column":43}}],"line":14},"5":{"loc":{"start":{"line":24,"column":4},"end":{"line":29,"column":5}},"type":"if","locations":[{"start":{"line":24,"column":4},"end":{"line":29,"column":5}},{"start":{},"end":{}}],"line":24},"6":{"loc":{"start":{"line":34,"column":4},"end":{"line":37,"column":5}},"type":"if","locations":[{"start":{"line":34,"column":4},"end":{"line":37,"column":5}},{"start":{},"end":{}}],"line":34},"7":{"loc":{"start":{"line":84,"column":17},"end":{"line":84,"column":56}},"type":"cond-expr","locations":[{"start":{"line":84,"column":31},"end":{"line":84,"column":42}},{"start":{"line":84,"column":45},"end":{"line":84,"column":56}}],"line":84}},"s":{"0":0,"1":0,"2":0,"3":0,"4":0,"5":0,"6":0,"7":0,"8":0,"9":0,"10":0,"11":0,"12":0,"13":0,"14":0,"15":0,"16":0,"17":0,"18":0,"19":0,"20":0,"21":0},"f":{"0":0,"1":0,"2":0,"3":0,"4":0,"5":0,"6":0,"7":0,"8":0},"b":{"0":[0],"1":[0,0],"2":[0,0],"3":[0,0],"4":[0,0],"5":[0,0],"6":[0,0],"7":[0,0]}}
,"C:\\Projetos\\Calendario\\src\\components\\events\\EventItem.js": {"path":"C:\\Projetos\\Calendario\\src\\components\\events\\EventItem.js","statementMap":{"0":{"start":{"line":5,"column":18},"end":{"line":27,"column":1}},"1":{"start":{"line":6,"column":21},"end":{"line":6,"column":31}},"2":{"start":{"line":8,"column":2},"end":{"line":26,"column":4}},"3":{"start":{"line":29,"column":15},"end":{"line":74,"column":2}}},"fnMap":{"0":{"name":"(anonymous_0)","decl":{"start":{"line":5,"column":18},"end":{"line":5,"column":19}},"loc":{"start":{"line":5,"column":42},"end":{"line":27,"column":1}},"line":5}},"branchMap":{},"s":{"0":0,"1":0,"2":0,"3":0},"f":{"0":0},"b":{}}
,"C:\\Projetos\\Calendario\\src\\components\\layout\\Footer.js": {"path":"C:\\Projetos\\Calendario\\src\\components\\layout\\Footer.js","statementMap":{"0":{"start":{"line":6,"column":15},"end":{"line":30,"column":1}},"1":{"start":{"line":7,"column":21},"end":{"line":7,"column":31}},"2":{"start":{"line":9,"column":2},"end":{"line":29,"column":4}},"3":{"start":{"line":32,"column":15},"end":{"line":56,"column":2}}},"fnMap":{"0":{"name":"(anonymous_0)","decl":{"start":{"line":6,"column":15},"end":{"line":6,"column":16}},"loc":{"start":{"line":6,"column":21},"end":{"line":30,"column":1}},"line":6}},"branchMap":{},"s":{"0":0,"1":0,"2":0,"3":0},"f":{"0":0},"b":{}}
,"C:\\Projetos\\Calendario\\src\\components\\layout\\Header.js": {"path":"C:\\Projetos\\Calendario\\src\\components\\layout\\Header.js","statementMap":{"0":{"start":{"line":6,"column":15},"end":{"line":37,"column":1}},"1":{"start":{"line":7,"column":33},"end":{"line":7,"column":43}},"2":{"start":{"line":9,"column":2},"end":{"line":36,"column":4}},"3":{"start":{"line":39,"column":15},"end":{"line":75,"column":2}}},"fnMap":{"0":{"name":"(anonymous_0)","decl":{"start":{"line":6,"column":15},"end":{"line":6,"column":16}},"loc":{"start":{"line":6,"column":48},"end":{"line":37,"column":1}},"line":6}},"branchMap":{},"s":{"0":0,"1":0,"2":0,"3":0},"f":{"0":0},"b":{}}
,"C:\\Projetos\\Calendario\\src\\components\\layout\\Menu.js": {"path":"C:\\Projetos\\Calendario\\src\\components\\layout\\Menu.js","statementMap":{"0":{"start":{"line":6,"column":13},"end":{"line":57,"column":1}},"1":{"start":{"line":7,"column":21},"end":{"line":7,"column":31}},"2":{"start":{"line":9,"column":2},"end":{"line":56,"column":4}},"3":{"start":{"line":25,"column":14},"end":{"line":25,"column":24}},"4":{"start":{"line":26,"column":14},"end":{"line":26,"column":27}},"5":{"start":{"line":40,"column":14},"end":{"line":40,"column":30}},"6":{"start":{"line":41,"column":14},"end":{"line":41,"column":24}},"7":{"start":{"line":59,"column":15},"end":{"line":94,"column":2}}},"fnMap":{"0":{"name":"(anonymous_0)","decl":{"start":{"line":6,"column":13},"end":{"line":6,"column":14}},"loc":{"start":{"line":6,"column":78},"end":{"line":57,"column":1}},"line":6},"1":{"name":"(anonymous_1)","decl":{"start":{"line":24,"column":21},"end":{"line":24,"column":22}},"loc":{"start":{"line":24,"column":27},"end":{"line":27,"column":13}},"line":24},"2":{"name":"(anonymous_2)","decl":{"start":{"line":39,"column":21},"end":{"line":39,"column":22}},"loc":{"start":{"line":39,"column":27},"end":{"line":42,"column":13}},"line":39}},"branchMap":{"0":{"loc":{"start":{"line":45,"column":20},"end":{"line":45,"column":49}},"type":"cond-expr","locations":[{"start":{"line":45,"column":33},"end":{"line":45,"column":40}},{"start":{"line":45,"column":43},"end":{"line":45,"column":49}}],"line":45},"1":{"loc":{"start":{"line":50,"column":15},"end":{"line":50,"column":56}},"type":"cond-expr","locations":[{"start":{"line":50,"column":28},"end":{"line":50,"column":40}},{"start":{"line":50,"column":43},"end":{"line":50,"column":56}}],"line":50}},"s":{"0":0,"1":0,"2":0,"3":0,"4":0,"5":0,"6":0,"7":0},"f":{"0":0,"1":0,"2":0},"b":{"0":[0,0],"1":[0,0]}}
,"C:\\Projetos\\Calendario\\src\\context\\EventContext.js": {"path":"C:\\Projetos\\Calendario\\src\\context\\EventContext.js","statementMap":{"0":{"start":{"line":3,"column":21},"end":{"line":3,"column":36}},"1":{"start":{"line":5,"column":29},"end":{"line":27,"column":1}},"2":{"start":{"line":6,"column":30},"end":{"line":6,"column":42}},"3":{"start":{"line":8,"column":19},"end":{"line":10,"column":3}},"4":{"start":{"line":9,"column":4},"end":{"line":9,"column":37}},"5":{"start":{"line":12,"column":22},"end":{"line":16,"column":3}},"6":{"start":{"line":13,"column":4},"end":{"line":15,"column":7}},"7":{"start":{"line":14,"column":6},"end":{"line":14,"column":57}},"8":{"start":{"line":18,"column":22},"end":{"line":20,"column":3}},"9":{"start":{"line":19,"column":4},"end":{"line":19,"column":60}},"10":{"start":{"line":19,"column":37},"end":{"line":19,"column":57}},"11":{"start":{"line":22,"column":2},"end":{"line":26,"column":4}},"12":{"start":{"line":29,"column":25},"end":{"line":35,"column":1}},"13":{"start":{"line":30,"column":18},"end":{"line":30,"column":42}},"14":{"start":{"line":31,"column":2},"end":{"line":33,"column":3}},"15":{"start":{"line":32,"column":4},"end":{"line":32,"column":70}},"16":{"start":{"line":34,"column":2},"end":{"line":34,"column":17}}},"fnMap":{"0":{"name":"(anonymous_0)","decl":{"start":{"line":5,"column":29},"end":{"line":5,"column":30}},"loc":{"start":{"line":5,"column":47},"end":{"line":27,"column":1}},"line":5},"1":{"name":"(anonymous_1)","decl":{"start":{"line":8,"column":19},"end":{"line":8,"column":20}},"loc":{"start":{"line":8,"column":33},"end":{"line":10,"column":3}},"line":8},"2":{"name":"(anonymous_2)","decl":{"start":{"line":12,"column":22},"end":{"line":12,"column":23}},"loc":{"start":{"line":12,"column":40},"end":{"line":16,"column":3}},"line":12},"3":{"name":"(anonymous_3)","decl":{"start":{"line":13,"column":25},"end":{"line":13,"column":26}},"loc":{"start":{"line":14,"column":6},"end":{"line":14,"column":57}},"line":14},"4":{"name":"(anonymous_4)","decl":{"start":{"line":18,"column":22},"end":{"line":18,"column":23}},"loc":{"start":{"line":18,"column":35},"end":{"line":20,"column":3}},"line":18},"5":{"name":"(anonymous_5)","decl":{"start":{"line":19,"column":28},"end":{"line":19,"column":29}},"loc":{"start":{"line":19,"column":37},"end":{"line":19,"column":57}},"line":19},"6":{"name":"(anonymous_6)","decl":{"start":{"line":29,"column":25},"end":{"line":29,"column":26}},"loc":{"start":{"line":29,"column":31},"end":{"line":35,"column":1}},"line":29}},"branchMap":{"0":{"loc":{"start":{"line":14,"column":6},"end":{"line":14,"column":57}},"type":"cond-expr","locations":[{"start":{"line":14,"column":37},"end":{"line":14,"column":49}},{"start":{"line":14,"column":52},"end":{"line":14,"column":57}}],"line":14},"1":{"loc":{"start":{"line":31,"column":2},"end":{"line":33,"column":3}},"type":"if","locations":[{"start":{"line":31,"column":2},"end":{"line":33,"column":3}},{"start":{},"end":{}}],"line":31}},"s":{"0":0,"1":0,"2":0,"3":0,"4":0,"5":0,"6":0,"7":0,"8":0,"9":0,"10":0,"11":0,"12":0,"13":0,"14":0,"15":0,"16":0},"f":{"0":0,"1":0,"2":0,"3":0,"4":0,"5":0,"6":0},"b":{"0":[0,0],"1":[0,0]}}
,"C:\\Projetos\\Calendario\\src\\context\\ThemeContext.js": {"path":"C:\\Projetos\\Calendario\\src\\context\\ThemeContext.js","statementMap":{"0":{"start":{"line":4,"column":21},"end":{"line":4,"column":36}},"1":{"start":{"line":6,"column":29},"end":{"line":19,"column":1}},"2":{"start":{"line":7,"column":38},"end":{"line":7,"column":52}},"3":{"start":{"line":8,"column":17},"end":{"line":8,"column":56}},"4":{"start":{"line":10,"column":22},"end":{"line":12,"column":3}},"5":{"start":{"line":11,"column":4},"end":{"line":11,"column":31}},"6":{"start":{"line":14,"column":2},"end":{"line":18,"column":4}},"7":{"start":{"line":21,"column":24},"end":{"line":27,"column":1}},"8":{"start":{"line":22,"column":18},"end":{"line":22,"column":42}},"9":{"start":{"line":23,"column":2},"end":{"line":25,"column":3}},"10":{"start":{"line":24,"column":4},"end":{"line":24,"column":68}},"11":{"start":{"line":26,"column":2},"end":{"line":26,"column":17}}},"fnMap":{"0":{"name":"(anonymous_0)","decl":{"start":{"line":6,"column":29},"end":{"line":6,"column":30}},"loc":{"start":{"line":6,"column":47},"end":{"line":19,"column":1}},"line":6},"1":{"name":"(anonymous_1)","decl":{"start":{"line":10,"column":22},"end":{"line":10,"column":23}},"loc":{"start":{"line":10,"column":28},"end":{"line":12,"column":3}},"line":10},"2":{"name":"(anonymous_2)","decl":{"start":{"line":21,"column":24},"end":{"line":21,"column":25}},"loc":{"start":{"line":21,"column":30},"end":{"line":27,"column":1}},"line":21}},"branchMap":{"0":{"loc":{"start":{"line":8,"column":17},"end":{"line":8,"column":56}},"type":"cond-expr","locations":[{"start":{"line":8,"column":30},"end":{"line":8,"column":41}},{"start":{"line":8,"column":44},"end":{"line":8,"column":56}}],"line":8},"1":{"loc":{"start":{"line":23,"column":2},"end":{"line":25,"column":3}},"type":"if","locations":[{"start":{"line":23,"column":2},"end":{"line":25,"column":3}},{"start":{},"end":{}}],"line":23}},"s":{"0":0,"1":0,"2":0,"3":0,"4":0,"5":0,"6":0,"7":0,"8":0,"9":0,"10":0,"11":0},"f":{"0":0,"1":0,"2":0},"b":{"0":[0,0],"1":[0,0]}}
,"C:\\Projetos\\Calendario\\src\\services\\api.js": {"path":"C:\\Projetos\\Calendario\\src\\services\\api.js","statementMap":{"0":{"start":{"line":4,"column":12},"end":{"line":10,"column":2}},"1":{"start":{"line":13,"column":0},"end":{"line":24,"column":2}},"2":{"start":{"line":15,"column":18},"end":{"line":15,"column":47}},"3":{"start":{"line":16,"column":4},"end":{"line":18,"column":5}},"4":{"start":{"line":17,"column":6},"end":{"line":17,"column":55}},"5":{"start":{"line":19,"column":4},"end":{"line":19,"column":18}},"6":{"start":{"line":22,"column":4},"end":{"line":22,"column":33}},"7":{"start":{"line":27,"column":0},"end":{"line":51,"column":2}},"8":{"start":{"line":28,"column":16},"end":{"line":28,"column":24}},"9":{"start":{"line":30,"column":4},"end":{"line":48,"column":5}},"10":{"start":{"line":31,"column":6},"end":{"line":47,"column":7}},"11":{"start":{"line":34,"column":10},"end":{"line":34,"column":16}},"12":{"start":{"line":37,"column":10},"end":{"line":37,"column":16}},"13":{"start":{"line":40,"column":10},"end":{"line":40,"column":16}},"14":{"start":{"line":43,"column":10},"end":{"line":43,"column":16}},"15":{"start":{"line":46,"column":10},"end":{"line":46,"column":16}},"16":{"start":{"line":49,"column":4},"end":{"line":49,"column":33}},"17":{"start":{"line":54,"column":25},"end":{"line":61,"column":1}},"18":{"start":{"line":55,"column":2},"end":{"line":60,"column":3}},"19":{"start":{"line":56,"column":21},"end":{"line":56,"column":45}},"20":{"start":{"line":57,"column":4},"end":{"line":57,"column":25}},"21":{"start":{"line":59,"column":4},"end":{"line":59,"column":16}},"22":{"start":{"line":63,"column":28},"end":{"line":70,"column":1}},"23":{"start":{"line":64,"column":2},"end":{"line":69,"column":3}},"24":{"start":{"line":65,"column":21},"end":{"line":65,"column":51}},"25":{"start":{"line":66,"column":4},"end":{"line":66,"column":25}},"26":{"start":{"line":68,"column":4},"end":{"line":68,"column":16}},"27":{"start":{"line":72,"column":27},"end":{"line":79,"column":1}},"28":{"start":{"line":73,"column":2},"end":{"line":78,"column":3}},"29":{"start":{"line":74,"column":21},"end":{"line":74,"column":57}},"30":{"start":{"line":75,"column":4},"end":{"line":75,"column":25}},"31":{"start":{"line":77,"column":4},"end":{"line":77,"column":16}},"32":{"start":{"line":81,"column":27},"end":{"line":88,"column":1}},"33":{"start":{"line":82,"column":2},"end":{"line":87,"column":3}},"34":{"start":{"line":83,"column":21},"end":{"line":83,"column":62}},"35":{"start":{"line":84,"column":4},"end":{"line":84,"column":25}},"36":{"start":{"line":86,"column":4},"end":{"line":86,"column":16}},"37":{"start":{"line":90,"column":27},"end":{"line":97,"column":1}},"38":{"start":{"line":91,"column":2},"end":{"line":96,"column":3}},"39":{"start":{"line":92,"column":21},"end":{"line":92,"column":54}},"40":{"start":{"line":93,"column":4},"end":{"line":93,"column":25}},"41":{"start":{"line":95,"column":4},"end":{"line":95,"column":16}},"42":{"start":{"line":100,"column":21},"end":{"line":107,"column":1}},"43":{"start":{"line":101,"column":2},"end":{"line":106,"column":3}},"44":{"start":{"line":102,"column":21},"end":{"line":102,"column":63}},"45":{"start":{"line":103,"column":4},"end":{"line":103,"column":25}},"46":{"start":{"line":105,"column":4},"end":{"line":105,"column":16}},"47":{"start":{"line":109,"column":24},"end":{"line":116,"column":1}},"48":{"start":{"line":110,"column":2},"end":{"line":115,"column":3}},"49":{"start":{"line":111,"column":21},"end":{"line":111,"column":63}},"50":{"start":{"line":112,"column":4},"end":{"line":112,"column":25}},"51":{"start":{"line":114,"column":4},"end":{"line":114,"column":16}},"52":{"start":{"line":118,"column":22},"end":{"line":125,"column":1}},"53":{"start":{"line":119,"column":2},"end":{"line":124,"column":3}},"54":{"start":{"line":120,"column":21},"end":{"line":120,"column":51}},"55":{"start":{"line":121,"column":4},"end":{"line":121,"column":25}},"56":{"start":{"line":123,"column":4},"end":{"line":123,"column":16}}},"fnMap":{"0":{"name":"(anonymous_0)","decl":{"start":{"line":14,"column":2},"end":{"line":14,"column":3}},"loc":{"start":{"line":14,"column":14},"end":{"line":20,"column":3}},"line":14},"1":{"name":"(anonymous_1)","decl":{"start":{"line":21,"column":2},"end":{"line":21,"column":3}},"loc":{"start":{"line":21,"column":13},"end":{"line":23,"column":3}},"line":21},"2":{"name":"(anonymous_2)","decl":{"start":{"line":28,"column":2},"end":{"line":28,"column":3}},"loc":{"start":{"line":28,"column":16},"end":{"line":28,"column":24}},"line":28},"3":{"name":"(anonymous_3)","decl":{"start":{"line":29,"column":2},"end":{"line":29,"column":3}},"loc":{"start":{"line":29,"column":13},"end":{"line":50,"column":3}},"line":29},"4":{"name":"(anonymous_4)","decl":{"start":{"line":54,"column":25},"end":{"line":54,"column":26}},"loc":{"start":{"line":54,"column":37},"end":{"line":61,"column":1}},"line":54},"5":{"name":"(anonymous_5)","decl":{"start":{"line":63,"column":28},"end":{"line":63,"column":29}},"loc":{"start":{"line":63,"column":42},"end":{"line":70,"column":1}},"line":63},"6":{"name":"(anonymous_6)","decl":{"start":{"line":72,"column":27},"end":{"line":72,"column":28}},"loc":{"start":{"line":72,"column":48},"end":{"line":79,"column":1}},"line":72},"7":{"name":"(anonymous_7)","decl":{"start":{"line":81,"column":27},"end":{"line":81,"column":28}},"loc":{"start":{"line":81,"column":52},"end":{"line":88,"column":1}},"line":81},"8":{"name":"(anonymous_8)","decl":{"start":{"line":90,"column":27},"end":{"line":90,"column":28}},"loc":{"start":{"line":90,"column":41},"end":{"line":97,"column":1}},"line":90},"9":{"name":"(anonymous_9)","decl":{"start":{"line":100,"column":21},"end":{"line":100,"column":22}},"loc":{"start":{"line":100,"column":44},"end":{"line":107,"column":1}},"line":100},"10":{"name":"(anonymous_10)","decl":{"start":{"line":109,"column":24},"end":{"line":109,"column":25}},"loc":{"start":{"line":109,"column":44},"end":{"line":116,"column":1}},"line":109},"11":{"name":"(anonymous_11)","decl":{"start":{"line":118,"column":22},"end":{"line":118,"column":23}},"loc":{"start":{"line":118,"column":34},"end":{"line":125,"column":1}},"line":118}},"branchMap":{"0":{"loc":{"start":{"line":16,"column":4},"end":{"line":18,"column":5}},"type":"if","locations":[{"start":{"line":16,"column":4},"end":{"line":18,"column":5}},{"start":{},"end":{}}],"line":16},"1":{"loc":{"start":{"line":30,"column":4},"end":{"line":48,"column":5}},"type":"if","locations":[{"start":{"line":30,"column":4},"end":{"line":48,"column":5}},{"start":{},"end":{}}],"line":30},"2":{"loc":{"start":{"line":31,"column":6},"end":{"line":47,"column":7}},"type":"switch","locations":[{"start":{"line":32,"column":8},"end":{"line":34,"column":16}},{"start":{"line":35,"column":8},"end":{"line":37,"column":16}},{"start":{"line":38,"column":8},"end":{"line":40,"column":16}},{"start":{"line":41,"column":8},"end":{"line":43,"column":16}},{"start":{"line":44,"column":8},"end":{"line":46,"column":16}}],"line":31}},"s":{"0":0,"1":0,"2":0,"3":0,"4":0,"5":0,"6":0,"7":0,"8":0,"9":0,"10":0,"11":0,"12":0,"13":0,"14":0,"15":0,"16":0,"17":0,"18":0,"19":0,"20":0,"21":0,"22":0,"23":0,"24":0,"25":0,"26":0,"27":0,"28":0,"29":0,"30":0,"31":0,"32":0,"33":0,"34":0,"35":0,"36":0,"37":0,"38":0,"39":0,"40":0,"41":0,"42":0,"43":0,"44":0,"45":0,"46":0,"47":0,"48":0,"49":0,"50":0,"51":0,"52":0,"53":0,"54":0,"55":0,"56":0},"f":{"0":0,"1":0,"2":0,"3":0,"4":0,"5":0,"6":0,"7":0,"8":0,"9":0,"10":0,"11":0},"b":{"0":[0,0],"1":[0,0],"2":[0,0,0,0,0]}}
,"C:\\Projetos\\Calendario\\src\\styles\\theme.js": {"path":"C:\\Projetos\\Calendario\\src\\styles\\theme.js","statementMap":{"0":{"start":{"line":2,"column":28},"end":{"line":12,"column":1}},"1":{"start":{"line":15,"column":27},"end":{"line":25,"column":1}},"2":{"start":{"line":28,"column":29},"end":{"line":61,"column":1}}},"fnMap":{},"branchMap":{},"s":{"0":0,"1":0,"2":0},"f":{},"b":{}}
,"C:\\Projetos\\Calendario\\src\\utils\\constants.js": {"path":"C:\\Projetos\\Calendario\\src\\utils\\constants.js","statementMap":{"0":{"start":{"line":2,"column":33},"end":{"line":23,"column":1}},"1":{"start":{"line":26,"column":23},"end":{"line":26,"column":50}},"2":{"start":{"line":29,"column":21},"end":{"line":42,"column":1}},"3":{"start":{"line":45,"column":30},"end":{"line":53,"column":1}},"4":{"start":{"line":56,"column":29},"end":{"line":62,"column":1}},"5":{"start":{"line":65,"column":29},"end":{"line":69,"column":1}},"6":{"start":{"line":72,"column":33},"end":{"line":76,"column":1}},"7":{"start":{"line":79,"column":35},"end":{"line":90,"column":1}},"8":{"start":{"line":93,"column":30},"end":{"line":99,"column":1}},"9":{"start":{"line":102,"column":33},"end":{"line":108,"column":1}}},"fnMap":{},"branchMap":{},"s":{"0":0,"1":0,"2":0,"3":0,"4":0,"5":0,"6":0,"7":0,"8":0,"9":0},"f":{},"b":{}}
,"C:\\Projetos\\Calendario\\src\\utils\\validations.js": {"path":"C:\\Projetos\\Calendario\\src\\utils\\validations.js","statementMap":{"0":{"start":{"line":2,"column":28},"end":{"line":5,"column":1}},"1":{"start":{"line":3,"column":16},"end":{"line":3,"column":44}},"2":{"start":{"line":4,"column":2},"end":{"line":4,"column":27}},"3":{"start":{"line":8,"column":28},"end":{"line":12,"column":1}},"4":{"start":{"line":10,"column":16},"end":{"line":10,"column":64}},"5":{"start":{"line":11,"column":2},"end":{"line":11,"column":27}},"6":{"start":{"line":15,"column":27},"end":{"line":17,"column":1}},"7":{"start":{"line":16,"column":2},"end":{"line":16,"column":47}},"8":{"start":{"line":20,"column":27},"end":{"line":24,"column":1}},"9":{"start":{"line":21,"column":20},"end":{"line":21,"column":30}},"10":{"start":{"line":22,"column":26},"end":{"line":22,"column":40}},"11":{"start":{"line":23,"column":2},"end":{"line":23,"column":38}},"12":{"start":{"line":27,"column":27},"end":{"line":30,"column":1}},"13":{"start":{"line":28,"column":16},"end":{"line":28,"column":45}},"14":{"start":{"line":29,"column":2},"end":{"line":29,"column":26}},"15":{"start":{"line":33,"column":32},"end":{"line":35,"column":1}},"16":{"start":{"line":34,"column":2},"end":{"line":34,"column":59}},"17":{"start":{"line":38,"column":29},"end":{"line":40,"column":1}},"18":{"start":{"line":39,"column":2},"end":{"line":39,"column":51}},"19":{"start":{"line":43,"column":28},"end":{"line":45,"column":1}},"20":{"start":{"line":44,"column":2},"end":{"line":44,"column":50}},"21":{"start":{"line":48,"column":33},"end":{"line":51,"column":1}},"22":{"start":{"line":49,"column":29},"end":{"line":49,"column":55}},"23":{"start":{"line":50,"column":2},"end":{"line":50,"column":49}},"24":{"start":{"line":54,"column":29},"end":{"line":57,"column":1}},"25":{"start":{"line":55,"column":24},"end":{"line":55,"column":62}},"26":{"start":{"line":56,"column":2},"end":{"line":56,"column":40}},"27":{"start":{"line":60,"column":32},"end":{"line":63,"column":1}},"28":{"start":{"line":61,"column":28},"end":{"line":61,"column":81}},"29":{"start":{"line":62,"column":2},"end":{"line":62,"column":47}},"30":{"start":{"line":66,"column":29},"end":{"line":105,"column":1}},"31":{"start":{"line":67,"column":16},"end":{"line":67,"column":18}},"32":{"start":{"line":69,"column":2},"end":{"line":71,"column":3}},"33":{"start":{"line":70,"column":4},"end":{"line":70,"column":63}},"34":{"start":{"line":73,"column":2},"end":{"line":75,"column":3}},"35":{"start":{"line":74,"column":4},"end":{"line":74,"column":71}},"36":{"start":{"line":77,"column":2},"end":{"line":79,"column":3}},"37":{"start":{"line":78,"column":4},"end":{"line":78,"column":63}},"38":{"start":{"line":81,"column":2},"end":{"line":83,"column":3}},"39":{"start":{"line":82,"column":4},"end":{"line":82,"column":54}},"40":{"start":{"line":85,"column":2},"end":{"line":87,"column":3}},"41":{"start":{"line":86,"column":4},"end":{"line":86,"column":62}},"42":{"start":{"line":89,"column":2},"end":{"line":91,"column":3}},"43":{"start":{"line":90,"column":4},"end":{"line":90,"column":45}},"44":{"start":{"line":93,"column":2},"end":{"line":95,"column":3}},"45":{"start":{"line":94,"column":4},"end":{"line":94,"column":37}},"46":{"start":{"line":97,"column":2},"end":{"line":99,"column":3}},"47":{"start":{"line":98,"column":4},"end":{"line":98,"column":43}},"48":{"start":{"line":101,"column":2},"end":{"line":104,"column":4}},"49":{"start":{"line":108,"column":30},"end":{"line":127,"column":1}},"50":{"start":{"line":109,"column":16},"end":{"line":109,"column":18}},"51":{"start":{"line":111,"column":2},"end":{"line":113,"column":3}},"52":{"start":{"line":112,"column":4},"end":{"line":112,"column":59}},"53":{"start":{"line":115,"column":2},"end":{"line":117,"column":3}},"54":{"start":{"line":116,"column":4},"end":{"line":116,"column":35}},"55":{"start":{"line":119,"column":2},"end":{"line":121,"column":3}},"56":{"start":{"line":120,"column":4},"end":{"line":120,"column":111}},"57":{"start":{"line":123,"column":2},"end":{"line":126,"column":4}}},"fnMap":{"0":{"name":"(anonymous_0)","decl":{"start":{"line":2,"column":28},"end":{"line":2,"column":29}},"loc":{"start":{"line":2,"column":39},"end":{"line":5,"column":1}},"line":2},"1":{"name":"(anonymous_1)","decl":{"start":{"line":8,"column":28},"end":{"line":8,"column":29}},"loc":{"start":{"line":8,"column":39},"end":{"line":12,"column":1}},"line":8},"2":{"name":"(anonymous_2)","decl":{"start":{"line":15,"column":27},"end":{"line":15,"column":28}},"loc":{"start":{"line":15,"column":37},"end":{"line":17,"column":1}},"line":15},"3":{"name":"(anonymous_3)","decl":{"start":{"line":20,"column":27},"end":{"line":20,"column":28}},"loc":{"start":{"line":20,"column":37},"end":{"line":24,"column":1}},"line":20},"4":{"name":"(anonymous_4)","decl":{"start":{"line":27,"column":27},"end":{"line":27,"column":28}},"loc":{"start":{"line":27,"column":37},"end":{"line":30,"column":1}},"line":27},"5":{"name":"(anonymous_5)","decl":{"start":{"line":33,"column":32},"end":{"line":33,"column":33}},"loc":{"start":{"line":33,"column":47},"end":{"line":35,"column":1}},"line":33},"6":{"name":"(anonymous_6)","decl":{"start":{"line":38,"column":29},"end":{"line":38,"column":30}},"loc":{"start":{"line":38,"column":41},"end":{"line":40,"column":1}},"line":38},"7":{"name":"(anonymous_7)","decl":{"start":{"line":43,"column":28},"end":{"line":43,"column":29}},"loc":{"start":{"line":43,"column":39},"end":{"line":45,"column":1}},"line":43},"8":{"name":"(anonymous_8)","decl":{"start":{"line":48,"column":33},"end":{"line":48,"column":34}},"loc":{"start":{"line":48,"column":49},"end":{"line":51,"column":1}},"line":48},"9":{"name":"(anonymous_9)","decl":{"start":{"line":54,"column":29},"end":{"line":54,"column":30}},"loc":{"start":{"line":54,"column":41},"end":{"line":57,"column":1}},"line":54},"10":{"name":"(anonymous_10)","decl":{"start":{"line":60,"column":32},"end":{"line":60,"column":33}},"loc":{"start":{"line":60,"column":47},"end":{"line":63,"column":1}},"line":60},"11":{"name":"(anonymous_11)","decl":{"start":{"line":66,"column":29},"end":{"line":66,"column":30}},"loc":{"start":{"line":66,"column":41},"end":{"line":105,"column":1}},"line":66},"12":{"name":"(anonymous_12)","decl":{"start":{"line":108,"column":30},"end":{"line":108,"column":31}},"loc":{"start":{"line":108,"column":43},"end":{"line":127,"column":1}},"line":108}},"branchMap":{"0":{"loc":{"start":{"line":16,"column":9},"end":{"line":16,"column":46}},"type":"binary-expr","locations":[{"start":{"line":16,"column":9},"end":{"line":16,"column":25}},{"start":{"line":16,"column":29},"end":{"line":16,"column":46}}],"line":16},"1":{"loc":{"start":{"line":34,"column":9},"end":{"line":34,"column":58}},"type":"binary-expr","locations":[{"start":{"line":34,"column":9},"end":{"line":34,"column":31}},{"start":{"line":34,"column":35},"end":{"line":34,"column":58}}],"line":34},"2":{"loc":{"start":{"line":39,"column":9},"end":{"line":39,"column":50}},"type":"binary-expr","locations":[{"start":{"line":39,"column":9},"end":{"line":39,"column":27}},{"start":{"line":39,"column":31},"end":{"line":39,"column":50}}],"line":39},"3":{"loc":{"start":{"line":44,"column":9},"end":{"line":44,"column":49}},"type":"binary-expr","locations":[{"start":{"line":44,"column":9},"end":{"line":44,"column":26}},{"start":{"line":44,"column":30},"end":{"line":44,"column":49}}],"line":44},"4":{"loc":{"start":{"line":69,"column":2},"end":{"line":71,"column":3}},"type":"if","locations":[{"start":{"line":69,"column":2},"end":{"line":71,"column":3}},{"start":{},"end":{}}],"line":69},"5":{"loc":{"start":{"line":73,"column":2},"end":{"line":75,"column":3}},"type":"if","locations":[{"start":{"line":73,"column":2},"end":{"line":75,"column":3}},{"start":{},"end":{}}],"line":73},"6":{"loc":{"start":{"line":77,"column":2},"end":{"line":79,"column":3}},"type":"if","locations":[{"start":{"line":77,"column":2},"end":{"line":79,"column":3}},{"start":{},"end":{}}],"line":77},"7":{"loc":{"start":{"line":81,"column":2},"end":{"line":83,"column":3}},"type":"if","locations":[{"start":{"line":81,"column":2},"end":{"line":83,"column":3}},{"start":{},"end":{}}],"line":81},"8":{"loc":{"start":{"line":85,"column":2},"end":{"line":87,"column":3}},"type":"if","locations":[{"start":{"line":85,"column":2},"end":{"line":87,"column":3}},{"start":{},"end":{}}],"line":85},"9":{"loc":{"start":{"line":89,"column":2},"end":{"line":91,"column":3}},"type":"if","locations":[{"start":{"line":89,"column":2},"end":{"line":91,"column":3}},{"start":{},"end":{}}],"line":89},"10":{"loc":{"start":{"line":93,"column":2},"end":{"line":95,"column":3}},"type":"if","locations":[{"start":{"line":93,"column":2},"end":{"line":95,"column":3}},{"start":{},"end":{}}],"line":93},"11":{"loc":{"start":{"line":97,"column":2},"end":{"line":99,"column":3}},"type":"if","locations":[{"start":{"line":97,"column":2},"end":{"line":99,"column":3}},{"start":{},"end":{}}],"line":97},"12":{"loc":{"start":{"line":111,"column":2},"end":{"line":113,"column":3}},"type":"if","locations":[{"start":{"line":111,"column":2},"end":{"line":113,"column":3}},{"start":{},"end":{}}],"line":111},"13":{"loc":{"start":{"line":115,"column":2},"end":{"line":117,"column":3}},"type":"if","locations":[{"start":{"line":115,"column":2},"end":{"line":117,"column":3}},{"start":{},"end":{}}],"line":115},"14":{"loc":{"start":{"line":119,"column":2},"end":{"line":121,"column":3}},"type":"if","locations":[{"start":{"line":119,"column":2},"end":{"line":121,"column":3}},{"start":{},"end":{}}],"line":119}},"s":{"0":0,"1":0,"2":0,"3":0,"4":0,"5":0,"6":0,"7":0,"8":0,"9":0,"10":0,"11":0,"12":0,"13":0,"14":0,"15":0,"16":0,"17":0,"18":0,"19":0,"20":0,"21":0,"22":0,"23":0,"24":0,"25":0,"26":0,"27":0,"28":0,"29":0,"30":0,"31":0,"32":0,"33":0,"34":0,"35":0,"36":0,"37":0,"38":0,"39":0,"40":0,"41":0,"42":0,"43":0,"44":0,"45":0,"46":0,"47":0,"48":0,"49":0,"50":0,"51":0,"52":0,"53":0,"54":0,"55":0,"56":0,"57":0},"f":{"0":0,"1":0,"2":0,"3":0,"4":0,"5":0,"6":0,"7":0,"8":0,"9":0,"10":0,"11":0,"12":0},"b":{"0":[0,0],"1":[0,0],"2":[0,0],"3":[0,0],"4":[0,0],"5":[0,0],"6":[0,0],"7":[0,0],"8":[0,0],"9":[0,0],"10":[0,0],"11":[0,0],"12":[0,0],"13":[0,0],"14":[0,0]}}
}
