TN:
SF:.eslintrc.js
FNF:0
FNH:0
DA:1,0
LF:1
LH:0
BRF:0
BRH:0
end_of_record
TN:
SF:App.js
FN:503,(anonymous_0)
FN:518,(anonymous_1)
FN:524,(anonymous_2)
FN:556,(anonymous_3)
FN:563,(anonymous_4)
FN:566,(anonymous_5)
FN:583,(anonymous_6)
FN:589,(anonymous_7)
FN:600,(anonymous_8)
FN:617,App
FN:630,(anonymous_10)
FN:631,(anonymous_11)
FN:634,(anonymous_12)
FN:645,(anonymous_13)
FN:655,(anonymous_14)
FN:666,registerForPushNotificationsAsync
FN:689,checkForUpcomingEvents
FN:716,scheduleNotification
FN:760,(anonymous_18)
FN:764,(anonymous_19)
FN:768,(anonymous_20)
FN:803,(anonymous_21)
FN:824,(anonymous_22)
FN:852,(anonymous_23)
FN:874,(anonymous_24)
FN:901,(anonymous_25)
FN:915,(anonymous_26)
FN:928,(anonymous_27)
FN:941,(anonymous_28)
FN:954,(anonymous_29)
FN:967,(anonymous_30)
FN:990,(anonymous_31)
FN:1001,(anonymous_32)
FNF:33
FNH:0
FNDA:0,(anonymous_0)
FNDA:0,(anonymous_1)
FNDA:0,(anonymous_2)
FNDA:0,(anonymous_3)
FNDA:0,(anonymous_4)
FNDA:0,(anonymous_5)
FNDA:0,(anonymous_6)
FNDA:0,(anonymous_7)
FNDA:0,(anonymous_8)
FNDA:0,App
FNDA:0,(anonymous_10)
FNDA:0,(anonymous_11)
FNDA:0,(anonymous_12)
FNDA:0,(anonymous_13)
FNDA:0,(anonymous_14)
FNDA:0,registerForPushNotificationsAsync
FNDA:0,checkForUpcomingEvents
FNDA:0,scheduleNotification
FNDA:0,(anonymous_18)
FNDA:0,(anonymous_19)
FNDA:0,(anonymous_20)
FNDA:0,(anonymous_21)
FNDA:0,(anonymous_22)
FNDA:0,(anonymous_23)
FNDA:0,(anonymous_24)
FNDA:0,(anonymous_25)
FNDA:0,(anonymous_26)
FNDA:0,(anonymous_27)
FNDA:0,(anonymous_28)
FNDA:0,(anonymous_29)
FNDA:0,(anonymous_30)
FNDA:0,(anonymous_31)
FNDA:0,(anonymous_32)
DA:8,0
DA:20,0
DA:32,0
DA:480,0
DA:503,0
DA:504,0
DA:518,0
DA:519,0
DA:524,0
DA:525,0
DA:527,0
DA:528,0
DA:530,0
DA:531,0
DA:532,0
DA:536,0
DA:537,0
DA:539,0
DA:540,0
DA:541,0
DA:545,0
DA:546,0
DA:549,0
DA:550,0
DA:553,0
DA:556,0
DA:557,0
DA:563,0
DA:564,0
DA:566,0
DA:567,0
DA:568,0
DA:569,0
DA:572,0
DA:584,0
DA:589,0
DA:601,0
DA:618,0
DA:619,0
DA:620,0
DA:621,0
DA:627,0
DA:628,0
DA:630,0
DA:631,0
DA:632,0
DA:633,0
DA:634,0
DA:641,0
DA:643,0
DA:645,0
DA:646,0
DA:650,0
DA:652,0
DA:655,0
DA:656,0
DA:659,0
DA:663,0
DA:667,0
DA:668,0
DA:671,0
DA:672,0
DA:673,0
DA:675,0
DA:676,0
DA:677,0
DA:680,0
DA:681,0
DA:682,0
DA:685,0
DA:690,0
DA:691,0
DA:692,0
DA:694,0
DA:696,0
DA:697,0
DA:698,0
DA:699,0
DA:701,0
DA:702,0
DA:703,0
DA:705,0
DA:706,0
DA:712,0
DA:717,0
DA:718,0
DA:719,0
DA:720,0
DA:723,0
DA:724,0
DA:726,0
DA:727,0
DA:728,0
DA:730,0
DA:731,0
DA:732,0
DA:735,0
DA:736,0
DA:737,0
DA:740,0
DA:756,0
DA:760,0
DA:761,0
DA:764,0
DA:765,0
DA:768,0
DA:769,0
DA:776,0
DA:777,0
DA:778,0
DA:783,0
DA:786,0
DA:787,0
DA:788,0
DA:790,0
DA:798,0
DA:799,0
DA:800,0
DA:803,0
DA:804,0
DA:825,0
DA:833,0
DA:852,0
DA:874,0
DA:901,0
DA:915,0
DA:928,0
DA:941,0
DA:954,0
DA:967,0
DA:991,0
DA:992,0
DA:1002,0
DA:1003,0
DA:1023,0
LF:135
LH:0
BRDA:527,0,0,0
BRDA:527,0,1,0
BRDA:527,1,0,0
BRDA:527,1,1,0
BRDA:531,2,0,0
BRDA:531,2,1,0
BRDA:531,3,0,0
BRDA:531,3,1,0
BRDA:536,4,0,0
BRDA:536,4,1,0
BRDA:536,5,0,0
BRDA:536,5,1,0
BRDA:540,6,0,0
BRDA:540,6,1,0
BRDA:540,7,0,0
BRDA:540,7,1,0
BRDA:545,8,0,0
BRDA:545,8,1,0
BRDA:545,9,0,0
BRDA:545,9,1,0
BRDA:549,10,0,0
BRDA:549,10,1,0
BRDA:549,11,0,0
BRDA:549,11,1,0
BRDA:606,12,0,0
BRDA:606,12,1,0
BRDA:607,13,0,0
BRDA:607,13,1,0
BRDA:627,14,0,0
BRDA:627,14,1,0
BRDA:646,15,0,0
BRDA:646,15,1,0
BRDA:647,16,0,0
BRDA:647,16,1,0
BRDA:667,17,0,0
BRDA:667,17,1,0
BRDA:675,18,0,0
BRDA:675,18,1,0
BRDA:680,19,0,0
BRDA:680,19,1,0
BRDA:701,20,0,0
BRDA:701,20,1,0
BRDA:701,21,0,0
BRDA:701,21,1,0
BRDA:702,22,0,0
BRDA:702,22,1,0
BRDA:705,23,0,0
BRDA:705,23,1,0
BRDA:718,24,0,0
BRDA:718,24,1,0
BRDA:718,25,0,0
BRDA:718,25,1,0
BRDA:718,25,2,0
BRDA:726,26,0,0
BRDA:726,26,1,0
BRDA:735,27,0,0
BRDA:735,27,1,0
BRDA:777,28,0,0
BRDA:777,28,1,0
BRDA:807,29,0,0
BRDA:807,29,1,0
BRDA:810,30,0,0
BRDA:810,30,1,0
BRDA:813,31,0,0
BRDA:813,31,1,0
BRDA:815,32,0,0
BRDA:815,32,1,0
BRDA:816,33,0,0
BRDA:816,33,1,0
BRDA:823,34,0,0
BRDA:823,34,1,0
BRDA:835,35,0,0
BRDA:835,35,1,0
BRDA:848,36,0,0
BRDA:848,36,1,0
BRDA:855,37,0,0
BRDA:855,37,1,0
BRDA:865,38,0,0
BRDA:865,38,1,0
BRDA:866,39,0,0
BRDA:866,39,1,0
BRDA:879,40,0,0
BRDA:879,40,1,0
BRDA:884,41,0,0
BRDA:884,41,1,0
BRDA:887,42,0,0
BRDA:887,42,1,0
BRDA:890,43,0,0
BRDA:890,43,1,0
BRDA:1008,44,0,0
BRDA:1008,44,1,0
BRDA:1013,45,0,0
BRDA:1013,45,1,0
BRDA:1026,46,0,0
BRDA:1026,46,1,0
BRDA:1270,47,0,0
BRDA:1270,47,1,0
BRF:97
BRH:0
end_of_record
TN:
SF:index.js
FNF:0
FNH:0
DA:4,0
LF:1
LH:0
BRF:0
BRH:0
end_of_record
TN:
SF:jest.config.js
FNF:0
FNH:0
DA:1,0
LF:1
LH:0
BRF:0
BRH:0
end_of_record
TN:
SF:src\components\carousel\Carousel.js
FN:8,(anonymous_0)
FN:12,(anonymous_1)
FN:28,(anonymous_2)
FN:44,(anonymous_3)
FNF:4
FNH:0
FNDA:0,(anonymous_0)
FNDA:0,(anonymous_1)
FNDA:0,(anonymous_2)
FNDA:0,(anonymous_3)
DA:5,0
DA:6,0
DA:8,0
DA:9,0
DA:10,0
DA:12,0
DA:13,0
DA:14,0
DA:15,0
DA:18,0
DA:29,0
DA:45,0
DA:61,0
LF:13
LH:0
BRDA:50,0,0,0
BRDA:50,0,1,0
BRDA:51,1,0,0
BRDA:51,1,1,0
BRF:4
BRH:0
end_of_record
TN:
SF:src\components\common\Button.js
FN:5,(anonymous_0)
FNF:1
FNH:0
FNDA:0,(anonymous_0)
DA:5,0
DA:6,0
DA:8,0
DA:26,0
LF:4
LH:0
BRDA:5,0,0,0
BRDA:13,1,0,0
BRDA:13,1,1,0
BRF:3
BRH:0
end_of_record
TN:
SF:src\components\common\Input.js
FN:5,(anonymous_0)
FNF:1
FNH:0
FNDA:0,(anonymous_0)
DA:5,0
DA:17,0
DA:19,0
DA:53,0
LF:4
LH:0
BRDA:10,0,0,0
BRDA:11,1,0,0
BRDA:12,2,0,0
BRDA:21,3,0,0
BRDA:21,3,1,0
BRDA:32,4,0,0
BRDA:32,4,1,0
BRDA:34,5,0,0
BRDA:34,5,1,0
BRDA:46,6,0,0
BRDA:46,6,1,0
BRF:11
BRH:0
end_of_record
TN:
SF:src\components\events\EventForm.js
FN:8,(anonymous_0)
FN:18,(anonymous_1)
FN:19,(anonymous_2)
FN:25,(anonymous_3)
FN:32,(anonymous_4)
FN:47,(anonymous_5)
FN:57,(anonymous_6)
FN:67,(anonymous_7)
FN:75,(anonymous_8)
FNF:9
FNH:0
FNDA:0,(anonymous_0)
FNDA:0,(anonymous_1)
FNDA:0,(anonymous_2)
FNDA:0,(anonymous_3)
FNDA:0,(anonymous_4)
FNDA:0,(anonymous_5)
FNDA:0,(anonymous_6)
FNDA:0,(anonymous_7)
FNDA:0,(anonymous_8)
DA:8,0
DA:9,0
DA:10,0
DA:16,0
DA:18,0
DA:19,0
DA:24,0
DA:25,0
DA:32,0
DA:33,0
DA:34,0
DA:35,0
DA:36,0
DA:39,0
DA:42,0
DA:47,0
DA:57,0
DA:67,0
DA:75,0
DA:92,0
LF:20
LH:0
BRDA:8,0,0,0
BRDA:11,1,0,0
BRDA:11,1,1,0
BRDA:12,2,0,0
BRDA:12,2,1,0
BRDA:13,3,0,0
BRDA:13,3,1,0
BRDA:14,4,0,0
BRDA:14,4,1,0
BRDA:24,5,0,0
BRDA:24,5,1,0
BRDA:34,6,0,0
BRDA:34,6,1,0
BRDA:84,7,0,0
BRDA:84,7,1,0
BRF:15
BRH:0
end_of_record
TN:
SF:src\components\events\EventItem.js
FN:5,(anonymous_0)
FNF:1
FNH:0
FNDA:0,(anonymous_0)
DA:5,0
DA:6,0
DA:8,0
DA:29,0
LF:4
LH:0
BRF:0
BRH:0
end_of_record
TN:
SF:src\components\layout\Footer.js
FN:6,(anonymous_0)
FNF:1
FNH:0
FNDA:0,(anonymous_0)
DA:6,0
DA:7,0
DA:9,0
DA:32,0
LF:4
LH:0
BRF:0
BRH:0
end_of_record
TN:
SF:src\components\layout\Header.js
FN:6,(anonymous_0)
FNF:1
FNH:0
FNDA:0,(anonymous_0)
DA:6,0
DA:7,0
DA:9,0
DA:39,0
LF:4
LH:0
BRF:0
BRH:0
end_of_record
TN:
SF:src\components\layout\Menu.js
FN:6,(anonymous_0)
FN:24,(anonymous_1)
FN:39,(anonymous_2)
FNF:3
FNH:0
FNDA:0,(anonymous_0)
FNDA:0,(anonymous_1)
FNDA:0,(anonymous_2)
DA:6,0
DA:7,0
DA:9,0
DA:25,0
DA:26,0
DA:40,0
DA:41,0
DA:59,0
LF:8
LH:0
BRDA:45,0,0,0
BRDA:45,0,1,0
BRDA:50,1,0,0
BRDA:50,1,1,0
BRF:4
BRH:0
end_of_record
TN:
SF:src\context\EventContext.js
FN:5,(anonymous_0)
FN:8,(anonymous_1)
FN:12,(anonymous_2)
FN:13,(anonymous_3)
FN:18,(anonymous_4)
FN:19,(anonymous_5)
FN:29,(anonymous_6)
FNF:7
FNH:0
FNDA:0,(anonymous_0)
FNDA:0,(anonymous_1)
FNDA:0,(anonymous_2)
FNDA:0,(anonymous_3)
FNDA:0,(anonymous_4)
FNDA:0,(anonymous_5)
FNDA:0,(anonymous_6)
DA:3,0
DA:5,0
DA:6,0
DA:8,0
DA:9,0
DA:12,0
DA:13,0
DA:14,0
DA:18,0
DA:19,0
DA:22,0
DA:29,0
DA:30,0
DA:31,0
DA:32,0
DA:34,0
LF:16
LH:0
BRDA:14,0,0,0
BRDA:14,0,1,0
BRDA:31,1,0,0
BRDA:31,1,1,0
BRF:4
BRH:0
end_of_record
TN:
SF:src\context\ThemeContext.js
FN:6,(anonymous_0)
FN:10,(anonymous_1)
FN:21,(anonymous_2)
FNF:3
FNH:0
FNDA:0,(anonymous_0)
FNDA:0,(anonymous_1)
FNDA:0,(anonymous_2)
DA:4,0
DA:6,0
DA:7,0
DA:8,0
DA:10,0
DA:11,0
DA:14,0
DA:21,0
DA:22,0
DA:23,0
DA:24,0
DA:26,0
LF:12
LH:0
BRDA:8,0,0,0
BRDA:8,0,1,0
BRDA:23,1,0,0
BRDA:23,1,1,0
BRF:4
BRH:0
end_of_record
TN:
SF:src\services\api.js
FN:14,(anonymous_0)
FN:21,(anonymous_1)
FN:28,(anonymous_2)
FN:29,(anonymous_3)
FN:54,(anonymous_4)
FN:63,(anonymous_5)
FN:72,(anonymous_6)
FN:81,(anonymous_7)
FN:90,(anonymous_8)
FN:100,(anonymous_9)
FN:109,(anonymous_10)
FN:118,(anonymous_11)
FNF:12
FNH:0
FNDA:0,(anonymous_0)
FNDA:0,(anonymous_1)
FNDA:0,(anonymous_2)
FNDA:0,(anonymous_3)
FNDA:0,(anonymous_4)
FNDA:0,(anonymous_5)
FNDA:0,(anonymous_6)
FNDA:0,(anonymous_7)
FNDA:0,(anonymous_8)
FNDA:0,(anonymous_9)
FNDA:0,(anonymous_10)
FNDA:0,(anonymous_11)
DA:4,0
DA:13,0
DA:15,0
DA:16,0
DA:17,0
DA:19,0
DA:22,0
DA:27,0
DA:28,0
DA:30,0
DA:31,0
DA:34,0
DA:37,0
DA:40,0
DA:43,0
DA:46,0
DA:49,0
DA:54,0
DA:55,0
DA:56,0
DA:57,0
DA:59,0
DA:63,0
DA:64,0
DA:65,0
DA:66,0
DA:68,0
DA:72,0
DA:73,0
DA:74,0
DA:75,0
DA:77,0
DA:81,0
DA:82,0
DA:83,0
DA:84,0
DA:86,0
DA:90,0
DA:91,0
DA:92,0
DA:93,0
DA:95,0
DA:100,0
DA:101,0
DA:102,0
DA:103,0
DA:105,0
DA:109,0
DA:110,0
DA:111,0
DA:112,0
DA:114,0
DA:118,0
DA:119,0
DA:120,0
DA:121,0
DA:123,0
LF:57
LH:0
BRDA:16,0,0,0
BRDA:16,0,1,0
BRDA:30,1,0,0
BRDA:30,1,1,0
BRDA:31,2,0,0
BRDA:31,2,1,0
BRDA:31,2,2,0
BRDA:31,2,3,0
BRDA:31,2,4,0
BRF:9
BRH:0
end_of_record
TN:
SF:src\styles\theme.js
FNF:0
FNH:0
DA:2,0
DA:15,0
DA:28,0
LF:3
LH:0
BRF:0
BRH:0
end_of_record
TN:
SF:src\utils\constants.js
FNF:0
FNH:0
DA:2,0
DA:26,0
DA:29,0
DA:45,0
DA:56,0
DA:65,0
DA:72,0
DA:79,0
DA:93,0
DA:102,0
LF:10
LH:0
BRF:0
BRH:0
end_of_record
TN:
SF:src\utils\validations.js
FN:2,(anonymous_0)
FN:8,(anonymous_1)
FN:15,(anonymous_2)
FN:20,(anonymous_3)
FN:27,(anonymous_4)
FN:33,(anonymous_5)
FN:38,(anonymous_6)
FN:43,(anonymous_7)
FN:48,(anonymous_8)
FN:54,(anonymous_9)
FN:60,(anonymous_10)
FN:66,(anonymous_11)
FN:108,(anonymous_12)
FNF:13
FNH:0
FNDA:0,(anonymous_0)
FNDA:0,(anonymous_1)
FNDA:0,(anonymous_2)
FNDA:0,(anonymous_3)
FNDA:0,(anonymous_4)
FNDA:0,(anonymous_5)
FNDA:0,(anonymous_6)
FNDA:0,(anonymous_7)
FNDA:0,(anonymous_8)
FNDA:0,(anonymous_9)
FNDA:0,(anonymous_10)
FNDA:0,(anonymous_11)
FNDA:0,(anonymous_12)
DA:2,0
DA:3,0
DA:4,0
DA:8,0
DA:10,0
DA:11,0
DA:15,0
DA:16,0
DA:20,0
DA:21,0
DA:22,0
DA:23,0
DA:27,0
DA:28,0
DA:29,0
DA:33,0
DA:34,0
DA:38,0
DA:39,0
DA:43,0
DA:44,0
DA:48,0
DA:49,0
DA:50,0
DA:54,0
DA:55,0
DA:56,0
DA:60,0
DA:61,0
DA:62,0
DA:66,0
DA:67,0
DA:69,0
DA:70,0
DA:73,0
DA:74,0
DA:77,0
DA:78,0
DA:81,0
DA:82,0
DA:85,0
DA:86,0
DA:89,0
DA:90,0
DA:93,0
DA:94,0
DA:97,0
DA:98,0
DA:101,0
DA:108,0
DA:109,0
DA:111,0
DA:112,0
DA:115,0
DA:116,0
DA:119,0
DA:120,0
DA:123,0
LF:58
LH:0
BRDA:16,0,0,0
BRDA:16,0,1,0
BRDA:34,1,0,0
BRDA:34,1,1,0
BRDA:39,2,0,0
BRDA:39,2,1,0
BRDA:44,3,0,0
BRDA:44,3,1,0
BRDA:69,4,0,0
BRDA:69,4,1,0
BRDA:73,5,0,0
BRDA:73,5,1,0
BRDA:77,6,0,0
BRDA:77,6,1,0
BRDA:81,7,0,0
BRDA:81,7,1,0
BRDA:85,8,0,0
BRDA:85,8,1,0
BRDA:89,9,0,0
BRDA:89,9,1,0
BRDA:93,10,0,0
BRDA:93,10,1,0
BRDA:97,11,0,0
BRDA:97,11,1,0
BRDA:111,12,0,0
BRDA:111,12,1,0
BRDA:115,13,0,0
BRDA:115,13,1,0
BRDA:119,14,0,0
BRDA:119,14,1,0
BRF:30
BRH:0
end_of_record
